#
# A fatal error has been detected by the Java Runtime Environment:
#
#  SIGSEGV (0xb) at pc=0x0000000105afbdbd, pid=2491, tid=6403
#
# JRE version: Java(TM) SE Runtime Environment (7.0_51-b13) (build 1.7.0_51-b13)
# Java VM: Java HotSpot(TM) 64-Bit Server VM (24.51-b03 mixed mode bsd-amd64 compressed oops)
# Problematic frame:
# V  [libjvm.dylib+0x2fbdbd]  jni_IsInstanceOf+0x71
#
# Failed to write core dump. Core dumps have been disabled. To enable core dumping, try "ulimit -c unlimited" before starting Java again
#
# If you would like to submit a bug report, please visit:
#   http://bugreport.sun.com/bugreport/crash.jsp
#

---------------  T H R E A D  ---------------

Current thread (0x00007fef8a801000):  JavaThread "main" [_thread_in_vm, id=6403, stack(0x0000000106254000,0x0000000106354000)]

siginfo:si_signo=SIGSEGV: si_errno=0, si_code=1 (SEGV_MAPERR), si_addr=0x0000000000000009

Registers:
RAX=0x00000006fb03ac28, RBX=0x00007fef8b804548, RCX=0x0000000106002c03, RDX=0x0000000000000001
RSP=0x0000000106352d10, RBP=0x0000000106352d30, RSI=0x0000000105f705c0, RDI=0x00000007aaaefd40
R8 =0x0000000000000320, R9 =0x0000000000000258, R10=0x00007fef8950ba90, R11=0x00007fff7ad57e30
R12=0x00007fef8a8011e8, R13=0x0000000106352e38, R14=0x00000007aaaaa028, R15=0x00007fef8a8011e8
RIP=0x0000000105afbdbd, EFLAGS=0x0000000000010202, ERR=0x0000000000000004
  TRAPNO=0x000000000000000e

Top of Stack: (sp=0x0000000106352d10)
0x0000000106352d10:   00007fef8a801000 00000007aaaaa028
0x0000000106352d20:   00007fef8a8011e8 00007fef8a801000
0x0000000106352d30:   0000000106352d60 0000000105b090a8
0x0000000106352d40:   0000000106352d60 0000000000000000
0x0000000106352d50:   0000000000000000 0000000000000000
0x0000000106352d60:   0000000106352df0 000000011a49522b
0x0000000106352d70:   0000000106352dc8 000000c006352ec0
0x0000000106352d80:   0000032000000258 00000370000001a4
0x0000000106352d90:   0000000106352f08 00007fef8a801000
0x0000000106352da0:   0000000106352de0 0000000105ad0e07
0x0000000106352db0:   00007fef8a801000 0000000106352e30
0x0000000106352dc0:   00007fef8a801000 00000006fb1ad3f8
0x0000000106352dd0:   0000000000000000 00000006fb1ad3f0
0x0000000106352de0:   0000000106352f08 00007fef8a801000
0x0000000106352df0:   0000000106352e98 0000000106368698
0x0000000106352e00:   0000000000000000 0000000100000000
0x0000000106352e10:   0000000100000000 0000000100000000
0x0000000106352e20:   0000000106352ec0 0000000000000000
0x0000000106352e30:   00000007aaaaa028 0000000106352e38
0x0000000106352e40:   00000006fb0d5296 0000000106352e88
0x0000000106352e50:   00000006fb0f5150 0000000106352e58
0x0000000106352e60:   00000006fb1ad3f0 0000000106352f08
0x0000000106352e70:   00000006fb1d6f18 0000000000000000
0x0000000106352e80:   00000006fb1ad3f8 0000000000000000
0x0000000106352e90:   0000000106352eb8 0000000106352f58
0x0000000106352ea0:   000000010635c233 0000000000000000
0x0000000106352eb0:   0000000106364cdb 0000000000000000
0x0000000106352ec0:   00000007aae16720 0000000000000000
0x0000000106352ed0:   0000000000000000 0000000000000000
0x0000000106352ee0:   0000000000000000 0000000000000258
0x0000000106352ef0:   0000000000000320 00000000000001a4
0x0000000106352f00:   0000000000000370 00000007aadfe0c0 

Instructions: (pc=0x0000000105afbdbd)
0x0000000105afbd9d:   c0 75 04 30 c0 eb 39 48 8d 0d e5 6e 50 00 80 39
0x0000000105afbdad:   00 49 8b 16 74 15 48 8d 35 06 48 47 00 8a 4e 08
0x0000000105afbdbd:   8b 7a 08 48 d3 e7 48 03 3e eb 04 48 8b 7a 08 48
0x0000000105afbdcd:   83 c7 10 48 89 c6 e8 00 be f3 ff 84 c0 0f 95 c0 

Register to memory mapping:

RAX=0x00000006fb03ac28 is an oop
{instance class} 
 - klass: {other class}
RBX=0x00007fef8b804548 is a global jni handle
RCX=0x0000000106002c03: G1LogLevel+0x3 in /Library/Java/JavaVirtualMachines/jdk1.7.0_51.jdk/Contents/Home/jre/lib/server/libjvm.dylib at 0x0000000105800000
RDX=0x0000000000000001 is an unknown value
RSP=0x0000000106352d10 is pointing into the stack for thread: 0x00007fef8a801000
RBP=0x0000000106352d30 is pointing into the stack for thread: 0x00007fef8a801000
RSI=0x0000000105f705c0: _ZN8Universe11_narrow_oopE+0 in /Library/Java/JavaVirtualMachines/jdk1.7.0_51.jdk/Contents/Home/jre/lib/server/libjvm.dylib at 0x0000000105800000
RDI=0x00000007aaaefd40 is an oop
java.lang.Class 
 - klass: 'java/lang/Class'
R8 =0x0000000000000320 is an unknown value
R9 =0x0000000000000258 is an unknown value
R10=0x00007fef8950ba90 is an unknown value
R11=0x00007fff7ad57e30: OBJC_CLASS_$_NSAutoreleasePool+0 in /System/Library/Frameworks/Foundation.framework/Versions/C/Foundation at 0x00007fff8d7e7000
R12=0x00007fef8a8011e8 is an unknown value
R13=0x0000000106352e38 is pointing into the stack for thread: 0x00007fef8a801000
R14=0x00000007aaaaa028 is an oop
java.lang.Boolean 
 - klass: 'java/lang/Boolean'
R15=0x00007fef8a8011e8 is an unknown value


Stack: [0x0000000106254000,0x0000000106354000],  sp=0x0000000106352d10,  free space=1019k
Native frames: (J=compiled Java code, j=interpreted, Vv=VM code, C=native code)
V  [libjvm.dylib+0x2fbdbd]  jni_IsInstanceOf+0x71
V  [libjvm.dylib+0x3090a8]  jni_GetDirectBufferAddress+0x60
C  [liblwjgl.jnilib+0xc22b]  Java_org_lwjgl_opengl_MacOSXDisplay_nCreateWindow+0x9b
j  org.lwjgl.opengl.MacOSXDisplay.nCreateWindow(IIIIZZZZLjava/nio/ByteBuffer;Ljava/nio/ByteBuffer;)Ljava/nio/ByteBuffer;+0
j  org.lwjgl.opengl.MacOSXDisplay.createWindow(Lorg/lwjgl/opengl/DrawableLWJGL;Lorg/lwjgl/opengl/DisplayMode;Ljava/awt/Canvas;II)V+120
j  org.lwjgl.opengl.Display.createWindow()V+71
j  org.lwjgl.opengl.Display.create(Lorg/lwjgl/opengl/PixelFormat;Lorg/lwjgl/opengl/Drawable;Lorg/lwjgl/opengl/ContextAttribs;)V+72
j  org.lwjgl.opengl.Display.create(Lorg/lwjgl/opengl/PixelFormat;)V+12
j  org.lwjgl.opengl.Display.create()V+7
j  Test.<init>()V+20
j  Test.main([Ljava/lang/String;)V+4
v  ~StubRoutines::call_stub
V  [libjvm.dylib+0x2d6bb0]  JavaCalls::call_helper(JavaValue*, methodHandle*, JavaCallArguments*, Thread*)+0x22a
V  [libjvm.dylib+0x2d6980]  JavaCalls::call(JavaValue*, methodHandle, JavaCallArguments*, Thread*)+0x28
V  [libjvm.dylib+0x460590]  Reflection::invoke(instanceKlassHandle, methodHandle, Handle, bool, objArrayHandle, BasicType, objArrayHandle, bool, Thread*)+0x9fc
V  [libjvm.dylib+0x4609f6]  Reflection::invoke_method(oopDesc*, Handle, objArrayHandle, Thread*)+0x16e
V  [libjvm.dylib+0x3234f7]  JVM_InvokeMethod+0x166
j  sun.reflect.NativeMethodAccessorImpl.invoke0(Ljava/lang/reflect/Method;Ljava/lang/Object;[Ljava/lang/Object;)Ljava/lang/Object;+0
j  sun.reflect.NativeMethodAccessorImpl.invoke(Ljava/lang/Object;[Ljava/lang/Object;)Ljava/lang/Object;+87
j  sun.reflect.DelegatingMethodAccessorImpl.invoke(Ljava/lang/Object;[Ljava/lang/Object;)Ljava/lang/Object;+6
j  java.lang.reflect.Method.invoke(Ljava/lang/Object;[Ljava/lang/Object;)Ljava/lang/Object;+57
j  com.intellij.rt.execution.application.AppMain.main([Ljava/lang/String;)V+163
v  ~StubRoutines::call_stub
V  [libjvm.dylib+0x2d6bb0]  JavaCalls::call_helper(JavaValue*, methodHandle*, JavaCallArguments*, Thread*)+0x22a
V  [libjvm.dylib+0x2d6980]  JavaCalls::call(JavaValue*, methodHandle, JavaCallArguments*, Thread*)+0x28
V  [libjvm.dylib+0x30a124]  jni_invoke_static(JNIEnv_*, JavaValue*, _jobject*, JNICallType, _jmethodID*, JNI_ArgumentPusher*, Thread*)+0xe6
V  [libjvm.dylib+0x3032bf]  jni_CallStaticVoidMethod+0x10b
C  [java+0x30fe]  JavaMain+0x91d
C  [libsystem_pthread.dylib+0x1899]  _pthread_body+0x8a
C  [libsystem_pthread.dylib+0x172a]  _pthread_struct_init+0x0
C  [libsystem_pthread.dylib+0x5fc9]  thread_start+0xd

Java frames: (J=compiled Java code, j=interpreted, Vv=VM code)
j  org.lwjgl.opengl.MacOSXDisplay.nCreateWindow(IIIIZZZZLjava/nio/ByteBuffer;Ljava/nio/ByteBuffer;)Ljava/nio/ByteBuffer;+0
j  org.lwjgl.opengl.MacOSXDisplay.createWindow(Lorg/lwjgl/opengl/DrawableLWJGL;Lorg/lwjgl/opengl/DisplayMode;Ljava/awt/Canvas;II)V+120
j  org.lwjgl.opengl.Display.createWindow()V+71
j  org.lwjgl.opengl.Display.create(Lorg/lwjgl/opengl/PixelFormat;Lorg/lwjgl/opengl/Drawable;Lorg/lwjgl/opengl/ContextAttribs;)V+72
j  org.lwjgl.opengl.Display.create(Lorg/lwjgl/opengl/PixelFormat;)V+12
j  org.lwjgl.opengl.Display.create()V+7
j  Test.<init>()V+20
j  Test.main([Ljava/lang/String;)V+4
v  ~StubRoutines::call_stub
j  sun.reflect.NativeMethodAccessorImpl.invoke0(Ljava/lang/reflect/Method;Ljava/lang/Object;[Ljava/lang/Object;)Ljava/lang/Object;+0
j  sun.reflect.NativeMethodAccessorImpl.invoke(Ljava/lang/Object;[Ljava/lang/Object;)Ljava/lang/Object;+87
j  sun.reflect.DelegatingMethodAccessorImpl.invoke(Ljava/lang/Object;[Ljava/lang/Object;)Ljava/lang/Object;+6
j  java.lang.reflect.Method.invoke(Ljava/lang/Object;[Ljava/lang/Object;)Ljava/lang/Object;+57
j  com.intellij.rt.execution.application.AppMain.main([Ljava/lang/String;)V+163
v  ~StubRoutines::call_stub

---------------  P R O C E S S  ---------------

Java Threads: ( => current thread )
  0x00007fef8a013800 JavaThread "AWT-Shutdown" [_thread_blocked, id=30475, stack(0x0000000117a15000,0x0000000117b15000)]
  0x00007fef8a013000 JavaThread "AppKit Thread" daemon [_thread_in_native, id=1287, stack(0x00007fff5b567000,0x00007fff5b5e7000)]
  0x00007fef898c3800 JavaThread "Monitor Ctrl-Break" daemon [_thread_in_native, id=22275, stack(0x0000000115f1d000,0x000000011601d000)]
  0x00007fef89832800 JavaThread "Service Thread" daemon [_thread_blocked, id=21251, stack(0x0000000115afc000,0x0000000115bfc000)]
  0x00007fef89831800 JavaThread "C2 CompilerThread1" daemon [_thread_blocked, id=20739, stack(0x00000001159f9000,0x0000000115af9000)]
  0x00007fef89830000 JavaThread "C2 CompilerThread0" daemon [_thread_blocked, id=20227, stack(0x00000001158f6000,0x00000001159f6000)]
  0x00007fef89829000 JavaThread "Signal Dispatcher" daemon [_thread_blocked, id=19715, stack(0x00000001157f3000,0x00000001158f3000)]
  0x00007fef8c806000 JavaThread "Finalizer" daemon [_thread_blocked, id=14595, stack(0x00000001155a4000,0x00000001156a4000)]
  0x00007fef8c803000 JavaThread "Reference Handler" daemon [_thread_blocked, id=14083, stack(0x00000001154a1000,0x00000001155a1000)]
=>0x00007fef8a801000 JavaThread "main" [_thread_in_vm, id=6403, stack(0x0000000106254000,0x0000000106354000)]

Other Threads:
  0x00007fef8c802800 VMThread [stack: 0x000000011539e000,0x000000011549e000] [id=13571]
  0x00007fef8981a000 WatcherThread [stack: 0x0000000115bff000,0x0000000115cff000] [id=21763]

VM state:not at safepoint (normal execution)

VM Mutex/Monitor currently owned by a thread: None

Heap
 PSYoungGen      total 76800K, used 5284K [0x00000007aaa80000, 0x00000007b0000000, 0x0000000800000000)
  eden space 66048K, 8% used [0x00000007aaa80000,0x00000007aafa9150,0x00000007aeb00000)
  from space 10752K, 0% used [0x00000007af580000,0x00000007af580000,0x00000007b0000000)
  to   space 10752K, 0% used [0x00000007aeb00000,0x00000007aeb00000,0x00000007af580000)
 ParOldGen       total 174592K, used 0K [0x0000000700000000, 0x000000070aa80000, 0x00000007aaa80000)
  object space 174592K, 0% used [0x0000000700000000,0x0000000700000000,0x000000070aa80000)
 PSPermGen       total 21504K, used 4047K [0x00000006fae00000, 0x00000006fc300000, 0x0000000700000000)
  object space 21504K, 18% used [0x00000006fae00000,0x00000006fb1f3e18,0x00000006fc300000)

Card table byte_map: [0x0000000109416000,0x0000000109c40000] byte_map_base: 0x0000000105c3f000

Polling page: 0x000000010476f000

Code Cache  [0x0000000106356000, 0x00000001065c6000, 0x0000000109356000)
 total_blobs=214 nmethods=9 adapters=160 free_code_cache=48746Kb largest_free_block=49905728

Compilation events (10 events):
Event: 0.063 Thread 0x00007fef89830000    5             java.lang.String::charAt (29 bytes)
Event: 0.063 Thread 0x00007fef89830000 nmethod 5 0x00000001063b8a90 code [0x00000001063b8be0, 0x00000001063b8c98]
Event: 0.065 Thread 0x00007fef89831800    6             java.io.UnixFileSystem::normalize (75 bytes)
Event: 0.067 Thread 0x00007fef89830000    7             java.lang.String::lastIndexOf (52 bytes)
Event: 0.067 Thread 0x00007fef89831800 nmethod 6 0x00000001063b7990 code [0x00000001063b7b00, 0x00000001063b7d58]
Event: 0.068 Thread 0x00007fef89830000 nmethod 7 0x00000001063b75d0 code [0x00000001063b7720, 0x00000001063b78a8]
Event: 0.081 Thread 0x00007fef89831800    8             java.lang.String::indexOf (166 bytes)
Event: 0.085 Thread 0x00007fef89831800 nmethod 8 0x00000001063bbe90 code [0x00000001063bbfe0, 0x00000001063bc418]
Event: 0.165 Thread 0x00007fef89830000    9             java.lang.String::equals (81 bytes)
Event: 0.168 Thread 0x00007fef89830000 nmethod 9 0x00000001063b9a90 code [0x00000001063b9be0, 0x00000001063b9e58]

GC Heap History (0 events):
No events

Deoptimization events (0 events):
No events

Internal exceptions (10 events):
Event: 0.168 Thread 0x00007fef8a801000 Threw 0x00000007aade4c78 at /HUDSON/workspace/7u-2-build-macosx-x86_64/jdk7u51/527/hotspot/src/share/vm/prims/jvm.cpp:1244
Event: 0.169 Thread 0x00007fef8a801000 Threw 0x00000007aadead70 at /HUDSON/workspace/7u-2-build-macosx-x86_64/jdk7u51/527/hotspot/src/share/vm/prims/jvm.cpp:1244
Event: 0.169 Thread 0x00007fef8a801000 Threw 0x00000007aadf1050 at /HUDSON/workspace/7u-2-build-macosx-x86_64/jdk7u51/527/hotspot/src/share/vm/prims/jvm.cpp:1244
Event: 0.169 Thread 0x00007fef8a801000 Threw 0x00000007aadf7470 at /HUDSON/workspace/7u-2-build-macosx-x86_64/jdk7u51/527/hotspot/src/share/vm/prims/jvm.cpp:1244
Event: 0.170 Thread 0x00007fef8a801000 Threw 0x00000007aadff7f0 at /HUDSON/workspace/7u-2-build-macosx-x86_64/jdk7u51/527/hotspot/src/share/vm/prims/jvm.cpp:1244
Event: 0.171 Thread 0x00007fef8a801000 Threw 0x00000007aae04808 at /HUDSON/workspace/7u-2-build-macosx-x86_64/jdk7u51/527/hotspot/src/share/vm/prims/jvm.cpp:1244
Event: 0.171 Thread 0x00007fef8a801000 Threw 0x00000007aae0d0d0 at /HUDSON/workspace/7u-2-build-macosx-x86_64/jdk7u51/527/hotspot/src/share/vm/prims/jvm.cpp:1244
Event: 0.172 Thread 0x00007fef8a801000 Threw 0x00000007aae124f8 at /HUDSON/workspace/7u-2-build-macosx-x86_64/jdk7u51/527/hotspot/src/share/vm/prims/jvm.cpp:1244
Event: 0.177 Thread 0x00007fef8a801000 Threw 0x00000007aae17d78 at /HUDSON/workspace/7u-2-build-macosx-x86_64/jdk7u51/527/hotspot/src/share/vm/prims/jvm.cpp:1244
Event: 0.178 Thread 0x00007fef8a801000 Threw 0x00000007aae1e748 at /HUDSON/workspace/7u-2-build-macosx-x86_64/jdk7u51/527/hotspot/src/share/vm/prims/jvm.cpp:1244

Events (10 events):
Event: 0.172 loading class 0x00007fef8942cd80
Event: 0.172 loading class 0x00007fef8942cd80 done
Event: 0.172 loading class 0x0000000113490040
Event: 0.172 loading class 0x0000000113490040 done
Event: 0.173 loading class 0x00007fef8a86a8c0
Event: 0.173 loading class 0x00007fef8a86a8c0 done
Event: 0.177 loading class 0x00007fef89609f50
Event: 0.177 loading class 0x00007fef89609f50 done
Event: 0.178 loading class 0x00007fef8942cfc0
Event: 0.178 loading class 0x00007fef8942cfc0 done


Dynamic libraries:
0x000000000a657000 	/System/Library/Frameworks/Cocoa.framework/Versions/A/Cocoa
0x000000000a657000 	/System/Library/Frameworks/Security.framework/Versions/A/Security
0x000000000a657000 	/System/Library/Frameworks/ApplicationServices.framework/Versions/A/ApplicationServices
0x000000000a657000 	/usr/lib/libz.1.dylib
0x000000000a657000 	/usr/lib/libSystem.B.dylib
0x000000000a657000 	/usr/lib/libobjc.A.dylib
0x000000000a657000 	/System/Library/Frameworks/CoreFoundation.framework/Versions/A/CoreFoundation
0x000000000a657000 	/System/Library/Frameworks/Foundation.framework/Versions/C/Foundation
0x000000000a657000 	/System/Library/Frameworks/AppKit.framework/Versions/C/AppKit
0x000000000a657000 	/System/Library/Frameworks/CoreData.framework/Versions/A/CoreData
0x000000000a657000 	/System/Library/PrivateFrameworks/RemoteViewServices.framework/Versions/A/RemoteViewServices
0x000000000a657000 	/System/Library/Frameworks/AudioToolbox.framework/Versions/A/AudioToolbox
0x000000000a657000 	/System/Library/Frameworks/AudioUnit.framework/Versions/A/AudioUnit
0x000000000a657000 	/System/Library/PrivateFrameworks/DataDetectorsCore.framework/Versions/A/DataDetectorsCore
0x000000000a657000 	/System/Library/PrivateFrameworks/DesktopServicesPriv.framework/Versions/A/DesktopServicesPriv
0x000000000a657000 	/System/Library/Frameworks/Carbon.framework/Versions/A/Frameworks/HIToolbox.framework/Versions/A/HIToolbox
0x000000000a657000 	/System/Library/Frameworks/QuartzCore.framework/Versions/A/QuartzCore
0x000000000a657000 	/System/Library/Frameworks/Carbon.framework/Versions/A/Frameworks/SpeechRecognition.framework/Versions/A/SpeechRecognition
0x000000000a657000 	/usr/lib/libauto.dylib
0x000000000a657000 	/usr/lib/libicucore.A.dylib
0x000000000a657000 	/usr/lib/libxml2.2.dylib
0x000000000a657000 	/System/Library/PrivateFrameworks/CoreUI.framework/Versions/A/CoreUI
0x000000000a657000 	/System/Library/Frameworks/CoreAudio.framework/Versions/A/CoreAudio
0x000000000a657000 	/System/Library/Frameworks/DiskArbitration.framework/Versions/A/DiskArbitration
0x000000000a657000 	/usr/lib/liblangid.dylib
0x000000000a657000 	/System/Library/PrivateFrameworks/MultitouchSupport.framework/Versions/A/MultitouchSupport
0x000000000a657000 	/System/Library/Frameworks/IOKit.framework/Versions/A/IOKit
0x000000000a657000 	/usr/lib/libDiagnosticMessagesClient.dylib
0x000000000a657000 	/System/Library/Frameworks/CoreServices.framework/Versions/A/CoreServices
0x000000000a657000 	/System/Library/PrivateFrameworks/PerformanceAnalysis.framework/Versions/A/PerformanceAnalysis
0x000000000a657000 	/System/Library/PrivateFrameworks/GenerationalStorage.framework/Versions/A/GenerationalStorage
0x000000000a657000 	/System/Library/Frameworks/OpenGL.framework/Versions/A/OpenGL
0x000000000a657000 	/System/Library/PrivateFrameworks/Sharing.framework/Versions/A/Sharing
0x000000000a657000 	/System/Library/Frameworks/ImageIO.framework/Versions/A/ImageIO
0x000000000a657000 	/System/Library/Frameworks/CoreText.framework/Versions/A/CoreText
0x000000000a657000 	/System/Library/Frameworks/CoreGraphics.framework/Versions/A/CoreGraphics
0x000000000a657000 	/System/Library/PrivateFrameworks/Backup.framework/Versions/A/Backup
0x000000000a657000 	/System/Library/Frameworks/CFNetwork.framework/Versions/A/CFNetwork
0x000000000a657000 	/System/Library/Frameworks/SystemConfiguration.framework/Versions/A/SystemConfiguration
0x000000000a657000 	/usr/lib/libCRFSuite.dylib
0x000000000a657000 	/usr/lib/libc++.1.dylib
0x000000000a657000 	/usr/lib/libc++abi.dylib
0x000000000a657000 	/usr/lib/system/libcache.dylib
0x000000000a657000 	/usr/lib/system/libcommonCrypto.dylib
0x000000000a657000 	/usr/lib/system/libcompiler_rt.dylib
0x000000000a657000 	/usr/lib/system/libcopyfile.dylib
0x000000000a657000 	/usr/lib/system/libcorecrypto.dylib
0x000000000a657000 	/usr/lib/system/libdispatch.dylib
0x000000000a657000 	/usr/lib/system/libdyld.dylib
0x000000000a657000 	/usr/lib/system/libkeymgr.dylib
0x000000000a657000 	/usr/lib/system/liblaunch.dylib
0x000000000a657000 	/usr/lib/system/libmacho.dylib
0x000000000a657000 	/usr/lib/system/libquarantine.dylib
0x000000000a657000 	/usr/lib/system/libremovefile.dylib
0x000000000a657000 	/usr/lib/system/libsystem_asl.dylib
0x000000000a657000 	/usr/lib/system/libsystem_blocks.dylib
0x000000000a657000 	/usr/lib/system/libsystem_c.dylib
0x000000000a657000 	/usr/lib/system/libsystem_configuration.dylib
0x000000000a657000 	/usr/lib/system/libsystem_dnssd.dylib
0x000000000a657000 	/usr/lib/system/libsystem_info.dylib
0x000000000a657000 	/usr/lib/system/libsystem_kernel.dylib
0x000000000a657000 	/usr/lib/system/libsystem_m.dylib
0x000000000a657000 	/usr/lib/system/libsystem_malloc.dylib
0x000000000a657000 	/usr/lib/system/libsystem_network.dylib
0x000000000a657000 	/usr/lib/system/libsystem_notify.dylib
0x000000000a657000 	/usr/lib/system/libsystem_platform.dylib
0x000000000a657000 	/usr/lib/system/libsystem_pthread.dylib
0x000000000a657000 	/usr/lib/system/libsystem_sandbox.dylib
0x000000000a657000 	/usr/lib/system/libsystem_stats.dylib
0x000000000a657000 	/usr/lib/system/libunc.dylib
0x000000000a657000 	/usr/lib/system/libunwind.dylib
0x000000000a657000 	/usr/lib/system/libxpc.dylib
0x000000000a657000 	/usr/lib/libbsm.0.dylib
0x000000000a657000 	/usr/lib/libsqlite3.dylib
0x000000000a657000 	/usr/lib/libxar.1.dylib
0x000000000a657000 	/usr/lib/libpam.2.dylib
0x000000000a657000 	/usr/lib/libOpenScriptingUtil.dylib
0x000000000a657000 	/usr/lib/libbz2.1.0.dylib
0x000000000a657000 	/System/Library/Frameworks/CoreServices.framework/Versions/A/Frameworks/CarbonCore.framework/Versions/A/CarbonCore
0x000000000a657000 	/System/Library/Frameworks/CoreServices.framework/Versions/A/Frameworks/Metadata.framework/Versions/A/Metadata
0x000000000a657000 	/System/Library/Frameworks/CoreServices.framework/Versions/A/Frameworks/OSServices.framework/Versions/A/OSServices
0x000000000a657000 	/System/Library/Frameworks/CoreServices.framework/Versions/A/Frameworks/SearchKit.framework/Versions/A/SearchKit
0x000000000a657000 	/System/Library/Frameworks/CoreServices.framework/Versions/A/Frameworks/AE.framework/Versions/A/AE
0x000000000a657000 	/System/Library/Frameworks/CoreServices.framework/Versions/A/Frameworks/LaunchServices.framework/Versions/A/LaunchServices
0x000000000a657000 	/System/Library/Frameworks/CoreServices.framework/Versions/A/Frameworks/DictionaryServices.framework/Versions/A/DictionaryServices
0x000000000a657000 	/System/Library/Frameworks/NetFS.framework/Versions/A/NetFS
0x000000000a657000 	/usr/lib/system/libkxld.dylib
0x000000000a657000 	/System/Library/PrivateFrameworks/NetAuth.framework/Versions/A/NetAuth
0x000000000a657000 	/System/Library/PrivateFrameworks/TCC.framework/Versions/A/TCC
0x000000000a657000 	/System/Library/Frameworks/OpenDirectory.framework/Versions/A/Frameworks/CFOpenDirectory.framework/Versions/A/CFOpenDirectory
0x000000000a657000 	/System/Library/Frameworks/ServiceManagement.framework/Versions/A/ServiceManagement
0x000000000a657000 	/usr/lib/libxslt.1.dylib
0x000000000a657000 	/System/Library/Frameworks/Carbon.framework/Versions/A/Frameworks/Ink.framework/Versions/A/Ink
0x000000000a657000 	/System/Library/Frameworks/ApplicationServices.framework/Versions/A/Frameworks/ATS.framework/Versions/A/ATS
0x000000000a657000 	/System/Library/Frameworks/ApplicationServices.framework/Versions/A/Frameworks/ColorSync.framework/Versions/A/ColorSync
0x000000000a657000 	/System/Library/Frameworks/ApplicationServices.framework/Versions/A/Frameworks/HIServices.framework/Versions/A/HIServices
0x000000000a657000 	/System/Library/Frameworks/ApplicationServices.framework/Versions/A/Frameworks/LangAnalysis.framework/Versions/A/LangAnalysis
0x000000000a657000 	/System/Library/Frameworks/ApplicationServices.framework/Versions/A/Frameworks/PrintCore.framework/Versions/A/PrintCore
0x000000000a657000 	/System/Library/Frameworks/ApplicationServices.framework/Versions/A/Frameworks/QD.framework/Versions/A/QD
0x000000000a657000 	/System/Library/Frameworks/ApplicationServices.framework/Versions/A/Frameworks/SpeechSynthesis.framework/Versions/A/SpeechSynthesis
0x000000000a657000 	/System/Library/Frameworks/IOSurface.framework/Versions/A/IOSurface
0x000000000a657000 	/System/Library/Frameworks/Accelerate.framework/Versions/A/Accelerate
0x000000000a657000 	/System/Library/Frameworks/Accelerate.framework/Versions/A/Frameworks/vImage.framework/Versions/A/vImage
0x000000000a657000 	/System/Library/Frameworks/Accelerate.framework/Versions/A/Frameworks/vecLib.framework/Versions/A/vecLib
0x000000000a657000 	/System/Library/Frameworks/Accelerate.framework/Versions/A/Frameworks/vecLib.framework/Versions/A/libvDSP.dylib
0x000000000a657000 	/System/Library/Frameworks/Accelerate.framework/Versions/A/Frameworks/vecLib.framework/Versions/A/libvMisc.dylib
0x000000000a657000 	/System/Library/Frameworks/Accelerate.framework/Versions/A/Frameworks/vecLib.framework/Versions/A/libLAPACK.dylib
0x000000000a657000 	/System/Library/Frameworks/Accelerate.framework/Versions/A/Frameworks/vecLib.framework/Versions/A/libBLAS.dylib
0x000000000a657000 	/System/Library/Frameworks/ApplicationServices.framework/Versions/A/Frameworks/ATS.framework/Versions/A/Resources/libFontParser.dylib
0x000000000a657000 	/System/Library/Frameworks/ApplicationServices.framework/Versions/A/Frameworks/ATS.framework/Versions/A/Resources/libFontRegistry.dylib
0x000000000a657000 	/System/Library/Frameworks/ImageIO.framework/Versions/A/Resources/libJPEG.dylib
0x000000000a657000 	/System/Library/Frameworks/ImageIO.framework/Versions/A/Resources/libTIFF.dylib
0x000000000a657000 	/System/Library/Frameworks/ImageIO.framework/Versions/A/Resources/libPng.dylib
0x000000000a657000 	/System/Library/Frameworks/ImageIO.framework/Versions/A/Resources/libGIF.dylib
0x000000000a657000 	/System/Library/Frameworks/ImageIO.framework/Versions/A/Resources/libJP2.dylib
0x000000000a657000 	/System/Library/Frameworks/ImageIO.framework/Versions/A/Resources/libRadiance.dylib
0x000000000a657000 	/usr/lib/libcups.2.dylib
0x000000000a657000 	/System/Library/Frameworks/Kerberos.framework/Versions/A/Kerberos
0x000000000a657000 	/System/Library/Frameworks/GSS.framework/Versions/A/GSS
0x000000000a657000 	/usr/lib/libresolv.9.dylib
0x000000000a657000 	/usr/lib/libiconv.2.dylib
0x000000000a657000 	/System/Library/PrivateFrameworks/Heimdal.framework/Versions/A/Heimdal
0x000000000a657000 	/System/Library/PrivateFrameworks/TrustEvaluationAgent.framework/Versions/A/TrustEvaluationAgent
0x000000000a657000 	/usr/lib/libheimdal-asn1.dylib
0x000000000a657000 	/System/Library/Frameworks/OpenDirectory.framework/Versions/A/OpenDirectory
0x000000000a657000 	/System/Library/PrivateFrameworks/CommonAuth.framework/Versions/A/CommonAuth
0x000000000a657000 	/System/Library/Frameworks/SecurityFoundation.framework/Versions/A/SecurityFoundation
0x000000000a657000 	/System/Library/PrivateFrameworks/Bom.framework/Versions/A/Bom
0x000000000a657000 	/System/Library/Frameworks/CoreVideo.framework/Versions/A/CoreVideo
0x000000000a657000 	/System/Library/Frameworks/QuartzCore.framework/Versions/A/Frameworks/CoreImage.framework/Versions/A/CoreImage
0x000000000a657000 	/System/Library/Frameworks/QuartzCore.framework/Versions/A/Frameworks/ScalableUserInterface.framework/Versions/A/ScalableUserInterface
0x000000000a657000 	/System/Library/Frameworks/OpenGL.framework/Versions/A/Libraries/libGLU.dylib
0x000000000a657000 	/System/Library/Frameworks/OpenGL.framework/Versions/A/Libraries/libGFXShared.dylib
0x000000000a657000 	/System/Library/Frameworks/OpenGL.framework/Versions/A/Libraries/libGL.dylib
0x000000000a657000 	/System/Library/Frameworks/OpenGL.framework/Versions/A/Libraries/libGLImage.dylib
0x000000000a657000 	/System/Library/Frameworks/OpenGL.framework/Versions/A/Libraries/libCVMSPluginSupport.dylib
0x000000000a657000 	/System/Library/Frameworks/OpenGL.framework/Versions/A/Libraries/libCoreVMClient.dylib
0x000000000a657000 	/System/Library/PrivateFrameworks/FaceCore.framework/Versions/A/FaceCore
0x000000000a657000 	/System/Library/PrivateFrameworks/CrashReporterSupport.framework/Versions/A/CrashReporterSupport
0x000000000a657000 	/System/Library/Frameworks/OpenCL.framework/Versions/A/OpenCL
0x000000000a657000 	/System/Library/PrivateFrameworks/AppleFSCompression.framework/Versions/A/AppleFSCompression
0x000000000a657000 	/System/Library/PrivateFrameworks/Ubiquity.framework/Versions/A/Ubiquity
0x000000000a657000 	/System/Library/PrivateFrameworks/IconServices.framework/Versions/A/IconServices
0x000000000a657000 	/System/Library/PrivateFrameworks/ChunkingLibrary.framework/Versions/A/ChunkingLibrary
0x000000000a657000 	/System/Library/PrivateFrameworks/CoreSymbolication.framework/Versions/A/CoreSymbolication
0x000000000a657000 	/System/Library/PrivateFrameworks/Symbolication.framework/Versions/A/Symbolication
0x000000000a657000 	/System/Library/PrivateFrameworks/DebugSymbols.framework/Versions/A/DebugSymbols
0x000000004a364000 	/System/Library/CoreServices/Encodings/libCyrillicConverter.dylib
0x0000000105800000 	/Library/Java/JavaVirtualMachines/jdk1.7.0_51.jdk/Contents/Home/jre/lib/server/libjvm.dylib
0x000000000a657000 	/usr/lib/libstdc++.6.dylib
0x0000000104732000 	/Library/Java/JavaVirtualMachines/jdk1.7.0_51.jdk/Contents/Home/jre/lib/libverify.dylib
0x000000010473f000 	/Library/Java/JavaVirtualMachines/jdk1.7.0_51.jdk/Contents/Home/jre/lib/libjava.dylib
0x0000000104779000 	/Library/Java/JavaVirtualMachines/jdk1.7.0_51.jdk/Contents/Home/jre/lib/libzip.dylib
0x00000001156a6000 	/System/Library/Frameworks/JavaVM.framework/Frameworks/JavaRuntimeSupport.framework/JavaRuntimeSupport
0x00000001156be000 	/System/Library/Frameworks/JavaVM.framework/Versions/A/Frameworks/JavaNativeFoundation.framework/Versions/A/JavaNativeFoundation
0x00000001156d3000 	/System/Library/Frameworks/JavaVM.framework/Versions/A/JavaVM
0x000000000a657000 	/System/Library/Frameworks/Carbon.framework/Versions/A/Carbon
0x00000001156e0000 	/System/Library/PrivateFrameworks/JavaLaunching.framework/Versions/A/JavaLaunching
0x000000000a657000 	/System/Library/Frameworks/Carbon.framework/Versions/A/Frameworks/CommonPanels.framework/Versions/A/CommonPanels
0x000000000a657000 	/System/Library/Frameworks/Carbon.framework/Versions/A/Frameworks/Help.framework/Versions/A/Help
0x000000000a657000 	/System/Library/Frameworks/Carbon.framework/Versions/A/Frameworks/ImageCapture.framework/Versions/A/ImageCapture
0x000000000a657000 	/System/Library/Frameworks/Carbon.framework/Versions/A/Frameworks/OpenScripting.framework/Versions/A/OpenScripting
0x000000000a657000 	/System/Library/Frameworks/Carbon.framework/Versions/A/Frameworks/Print.framework/Versions/A/Print
0x000000000a657000 	/System/Library/Frameworks/Carbon.framework/Versions/A/Frameworks/SecurityHI.framework/Versions/A/SecurityHI
0x0000000115f19000 	/Applications/IntelliJ IDEA 13.app/bin/libbreakgen64.jnilib
0x000000011601f000 	/Library/Java/JavaVirtualMachines/jdk1.7.0_51.jdk/Contents/Home/jre/lib/libnet.dylib
0x0000000116087000 	/Library/Java/JavaVirtualMachines/jdk1.7.0_51.jdk/Contents/Home/jre/lib/libawt.dylib
0x0000000116136000 	/Library/Java/JavaVirtualMachines/jdk1.7.0_51.jdk/Contents/Home/jre/lib/./libmlib_image.dylib
0x0000000116202000 	/Library/Java/JavaVirtualMachines/jdk1.7.0_51.jdk/Contents/Home/jre/lib/lwawt/liblwawt.dylib
0x00000001162b6000 	/Library/Java/JavaVirtualMachines/jdk1.7.0_51.jdk/Contents/Home/jre/lib/libosxapp.dylib
0x000000000a657000 	/System/Library/Frameworks/ExceptionHandling.framework/Versions/A/ExceptionHandling
0x000000000a657000 	/System/Library/PrivateFrameworks/CoreServicesInternal.framework/Versions/A/CoreServicesInternal
0x000000000a657000 	/System/Library/PrivateFrameworks/Librarian.framework/Versions/A/Librarian
0x000000000a657000 	/System/Library/Frameworks/CoreGraphics.framework/Versions/A/Resources/libCGCMS.A.dylib
0x000000000a657000 	/System/Library/Frameworks/CoreGraphics.framework/Versions/A/Resources/libRIP.A.dylib
0x000000000a657000 	/System/Library/Frameworks/CoreGraphics.framework/Versions/A/Resources/libCGXType.A.dylib
0x000000000a657000 	/System/Library/PrivateFrameworks/FamilyControls.framework/Versions/A/FamilyControls
0x000000000a657000 	/System/Library/PrivateFrameworks/CommerceKit.framework/Versions/A/Frameworks/CommerceCore.framework/Versions/A/CommerceCore
0x000000000a657000 	/System/Library/PrivateFrameworks/SystemAdministration.framework/Versions/A/SystemAdministration
0x000000000a657000 	/System/Library/Frameworks/DirectoryService.framework/Versions/A/DirectoryService
0x000000000a657000 	/System/Library/PrivateFrameworks/DiskImages.framework/Versions/A/DiskImages
0x000000000a657000 	/System/Library/PrivateFrameworks/LoginUIKit.framework/Versions/A/Frameworks/LoginUICore.framework/Versions/A/LoginUICore
0x000000000a657000 	/usr/lib/libCoreStorage.dylib
0x000000000a657000 	/usr/lib/libcsfde.dylib
0x000000000a657000 	/usr/lib/libodfde.dylib
0x000000000a657000 	/System/Library/Frameworks/DiscRecording.framework/Versions/A/DiscRecording
0x000000000a657000 	/usr/lib/libcurl.4.dylib
0x000000000a657000 	/System/Library/PrivateFrameworks/MediaKit.framework/Versions/A/MediaKit
0x000000000a657000 	/System/Library/PrivateFrameworks/EFILogin.framework/Versions/A/EFILogin
0x000000000a657000 	/usr/lib/libutil.dylib
0x000000000a657000 	/System/Library/PrivateFrameworks/AOSNotification.framework/Versions/A/AOSNotification
0x000000000a657000 	/System/Library/Frameworks/LDAP.framework/Versions/A/LDAP
0x000000000a657000 	/usr/lib/libsasl2.2.dylib
0x000000000a657000 	/usr/lib/libcrypto.0.9.8.dylib
0x000000000a657000 	/usr/lib/libssl.0.9.8.dylib
0x000000011a422000 	/Library/Java/JavaVirtualMachines/jdk1.7.0_51.jdk/Contents/Home/jre/lib/libfontmanager.dylib
0x000000011a489000 	/Users/lexmint/Dropbox/Java Projects/Courses/lib/native-osx/liblwjgl.jnilib
0x0000000117bb8000 	/Library/Java/JavaVirtualMachines/jdk1.7.0_51.jdk/Contents/Home/jre/lib/libjawt.dylib
0x000000000a657000 	/System/Library/Frameworks/OpenGL.framework/Versions/A/Resources/GLEngine.bundle/GLEngine
0x000000000a657000 	/System/Library/Frameworks/OpenGL.framework/Versions/A/Libraries/libGLProgrammability.dylib
0x0000000000000000 	/System/Library/Extensions/GeForceGLDriver.bundle/Contents/MacOS/GeForceGLDriver
0x000000000a657000 	/System/Library/PrivateFrameworks/IOAccelerator.framework/Versions/A/IOAccelerator
0x000000000a657000 	/System/Library/PrivateFrameworks/GPUSupport.framework/Versions/A/Libraries/libGPUSupportMercury.dylib
0x000000000a657000 	/System/Library/Extensions/GeForceGLDriver.bundle/Contents/MacOS/libclh.dylib
0x000000000a657000 	/System/Library/Frameworks/OpenGL.framework/Versions/A/Resources/GLRendererFloat.bundle/GLRendererFloat
0x000000000a657000 	/System/Library/Frameworks/OpenCL.framework/Versions/A/Libraries/libcldcpuengine.dylib

VM Arguments:
jvm_args: -Djava.library.path=lib/native-osx -Didea.launcher.port=7540 -Didea.launcher.bin.path=/Applications/IntelliJ IDEA 13.app/bin -Dfile.encoding=UTF-8 
java_command: com.intellij.rt.execution.application.AppMain Test
Launcher Type: SUN_STANDARD

Environment Variables:
PATH=/usr/bin:/bin:/usr/sbin:/sbin:/usr/local/bin:/opt/X11/bin
SHELL=/bin/bash
DISPLAY=/tmp/launch-pIItV0/org.macosforge.xquartz:0

Signal Handlers:
SIGSEGV: [libjvm.dylib+0x525425], sa_mask[0]=0xfffefeff, sa_flags=0x00000043
SIGBUS: [libjvm.dylib+0x525425], sa_mask[0]=0xfffefeff, sa_flags=0x00000042
SIGFPE: [libjvm.dylib+0x41892a], sa_mask[0]=0xfffefeff, sa_flags=0x00000042
SIGPIPE: [libjvm.dylib+0x41892a], sa_mask[0]=0xfffefeff, sa_flags=0x00000042
SIGXFSZ: [libjvm.dylib+0x41892a], sa_mask[0]=0xfffefeff, sa_flags=0x00000042
SIGILL: [libjvm.dylib+0x41892a], sa_mask[0]=0xfffefeff, sa_flags=0x00000042
SIGUSR1: SIG_DFL, sa_mask[0]=0x00000000, sa_flags=0x00000002
SIGUSR2: [libjvm.dylib+0x41841c], sa_mask[0]=0x00000004, sa_flags=0x00000042
SIGHUP: [libjvm.dylib+0x4166ab], sa_mask[0]=0xfffefeff, sa_flags=0x00000042
SIGINT: [libjvm.dylib+0x4166ab], sa_mask[0]=0xfffefeff, sa_flags=0x00000042
SIGTERM: [libjvm.dylib+0x4166ab], sa_mask[0]=0xfffefeff, sa_flags=0x00000042
SIGQUIT: [libjvm.dylib+0x4166ab], sa_mask[0]=0xfffefeff, sa_flags=0x00000042


---------------  S Y S T E M  ---------------

OS:Bsduname:Darwin 13.4.0 Darwin Kernel Version 13.4.0: Sun Aug 17 19:50:11 PDT 2014; root:xnu-2422.115.4~1/RELEASE_X86_64 x86_64
rlimit: STACK 8192k, CORE 0k, NPROC 709, NOFILE 10240, AS infinity
load average:1.84 1.77 1.76

CPU:total 8 (4 cores per cpu, 2 threads per core) family 6 model 60 stepping 3, cmov, cx8, fxsr, mmx, sse, sse2, sse3, ssse3, sse4.1, sse4.2, popcnt, avx, avx2, aes, erms, ht, tsc, tscinvbit

Memory: 4k page, physical 16777216k(4194304k free)

/proc/meminfo:


vm_info: Java HotSpot(TM) 64-Bit Server VM (24.51-b03) for bsd-amd64 JRE (1.7.0_51-b13), built on Dec 18 2013 18:45:56 by "java_re" with gcc 4.2.1 (Based on Apple Inc. build 5658) (LLVM build 2336.11.00)

time: Tue Oct 14 07:15:03 2014
elapsed time: 0 seconds

