#
# A fatal error has been detected by the Java Runtime Environment:
#
#  SIGSEGV (0xb) at pc=0x00000001088fbdbd, pid=2414, tid=6403
#
# JRE version: Java(TM) SE Runtime Environment (7.0_51-b13) (build 1.7.0_51-b13)
# Java VM: Java HotSpot(TM) 64-Bit Server VM (24.51-b03 mixed mode bsd-amd64 compressed oops)
# Problematic frame:
# V  [libjvm.dylib+0x2fbdbd]  jni_IsInstanceOf+0x71
#
# Failed to write core dump. Core dumps have been disabled. To enable core dumping, try "ulimit -c unlimited" before starting Java again
#
# If you would like to submit a bug report, please visit:
#   http://bugreport.sun.com/bugreport/crash.jsp
#

---------------  T H R E A D  ---------------

Current thread (0x00007f9cea803000):  JavaThread "main" [_thread_in_vm, id=6403, stack(0x000000010742f000,0x000000010752f000)]

siginfo:si_signo=SIGSEGV: si_errno=0, si_code=1 (SEGV_MAPERR), si_addr=0x0000000000000009

Registers:
RAX=0x00000006fb03ac28, RBX=0x00007f9ce9715d80, RCX=0x0000000108e02c03, RDX=0x0000000000000001
RSP=0x000000010752d1e0, RBP=0x000000010752d200, RSI=0x0000000108d705c0, RDI=0x00000007aaaf4248
R8 =0x0000000000000280, R9 =0x00000000000001e0, R10=0x00007f9ce961d470, R11=0x00007fff7ad57e30
R12=0x00007f9cea8031e8, R13=0x000000010752d308, R14=0x00000007aaaaa5f0, R15=0x00007f9cea8031e8
RIP=0x00000001088fbdbd, EFLAGS=0x0000000000010202, ERR=0x0000000000000004
  TRAPNO=0x000000000000000e

Top of Stack: (sp=0x000000010752d1e0)
0x000000010752d1e0:   00007f9cea803000 00000007aaaaa5f0
0x000000010752d1f0:   00007f9cea8031e8 00007f9cea803000
0x000000010752d200:   000000010752d230 00000001089090a8
0x000000010752d210:   000000010752d230 0000000000000000
0x000000010752d220:   0000000000000000 0000000000000000
0x000000010752d230:   000000010752d2c0 000000011d1c422b
0x000000010752d240:   000000010752d298 000000900752d390
0x000000010752d250:   00000280000001e0 000003c0000001e0
0x000000010752d260:   000000010752d3d8 00007f9cea803000
0x000000010752d270:   000000010752d2b0 00000001088d0e07
0x000000010752d280:   00007f9cea803000 000000010752d300
0x000000010752d290:   00007f9cea803000 00000006fb1d48e0
0x000000010752d2a0:   0000000000000000 00000006fb1d48d8
0x000000010752d2b0:   000000010752d3d8 00007f9cea803000
0x000000010752d2c0:   000000010752d368 0000000109065698
0x000000010752d2d0:   0000000000000000 0000000100000000
0x000000010752d2e0:   0000000100000000 0000000100000000
0x000000010752d2f0:   000000010752d390 0000000000000000
0x000000010752d300:   00000007aaaaa5f0 000000010752d308
0x000000010752d310:   00000006fb10fc66 000000010752d358
0x000000010752d320:   00000006fb11d718 000000010752d328
0x000000010752d330:   00000006fb1d48d8 000000010752d3d8
0x000000010752d340:   00000006fb1ff658 0000000000000000
0x000000010752d350:   00000006fb1d48e0 0000000000000000
0x000000010752d360:   000000010752d388 000000010752d428
0x000000010752d370:   0000000109059233 0000000000000000
0x000000010752d380:   0000000109061cdb 0000000000000000
0x000000010752d390:   00000007aaf591e8 0000000000000000
0x000000010752d3a0:   0000000000000000 0000000000000000
0x000000010752d3b0:   0000000000000000 00000000000001e0
0x000000010752d3c0:   0000000000000280 00000000000001e0
0x000000010752d3d0:   00000000000003c0 00000007aaec9b08 

Instructions: (pc=0x00000001088fbdbd)
0x00000001088fbd9d:   c0 75 04 30 c0 eb 39 48 8d 0d e5 6e 50 00 80 39
0x00000001088fbdad:   00 49 8b 16 74 15 48 8d 35 06 48 47 00 8a 4e 08
0x00000001088fbdbd:   8b 7a 08 48 d3 e7 48 03 3e eb 04 48 8b 7a 08 48
0x00000001088fbdcd:   83 c7 10 48 89 c6 e8 00 be f3 ff 84 c0 0f 95 c0 

Register to memory mapping:

RAX=0x00000006fb03ac28 is an oop
{instance class} 
 - klass: {other class}
RBX=0x00007f9ce9715d80 is a global jni handle
RCX=0x0000000108e02c03: G1LogLevel+0x3 in /Library/Java/JavaVirtualMachines/jdk1.7.0_51.jdk/Contents/Home/jre/lib/server/libjvm.dylib at 0x0000000108600000
RDX=0x0000000000000001 is an unknown value
RSP=0x000000010752d1e0 is pointing into the stack for thread: 0x00007f9cea803000
RBP=0x000000010752d200 is pointing into the stack for thread: 0x00007f9cea803000
RSI=0x0000000108d705c0: _ZN8Universe11_narrow_oopE+0 in /Library/Java/JavaVirtualMachines/jdk1.7.0_51.jdk/Contents/Home/jre/lib/server/libjvm.dylib at 0x0000000108600000
RDI=0x00000007aaaf4248 is an oop
java.lang.Class 
 - klass: 'java/lang/Class'
R8 =0x0000000000000280 is an unknown value
R9 =0x00000000000001e0 is an unknown value
R10=0x00007f9ce961d470 is an unknown value
R11=0x00007fff7ad57e30: OBJC_CLASS_$_NSAutoreleasePool+0 in /System/Library/Frameworks/Foundation.framework/Versions/C/Foundation at 0x00007fff8d7e7000
R12=0x00007f9cea8031e8 is an unknown value
R13=0x000000010752d308 is pointing into the stack for thread: 0x00007f9cea803000
R14=0x00000007aaaaa5f0 is an oop
java.lang.Boolean 
 - klass: 'java/lang/Boolean'
R15=0x00007f9cea8031e8 is an unknown value


Stack: [0x000000010742f000,0x000000010752f000],  sp=0x000000010752d1e0,  free space=1016k
Native frames: (J=compiled Java code, j=interpreted, Vv=VM code, C=native code)
V  [libjvm.dylib+0x2fbdbd]  jni_IsInstanceOf+0x71
V  [libjvm.dylib+0x3090a8]  jni_GetDirectBufferAddress+0x60
C  [liblwjgl.jnilib+0xc22b]  Java_org_lwjgl_opengl_MacOSXDisplay_nCreateWindow+0x9b
j  org.lwjgl.opengl.MacOSXDisplay.nCreateWindow(IIIIZZZZLjava/nio/ByteBuffer;Ljava/nio/ByteBuffer;)Ljava/nio/ByteBuffer;+0
j  org.lwjgl.opengl.MacOSXDisplay.createWindow(Lorg/lwjgl/opengl/DrawableLWJGL;Lorg/lwjgl/opengl/DisplayMode;Ljava/awt/Canvas;II)V+120
j  org.lwjgl.opengl.Display.createWindow()V+71
j  org.lwjgl.opengl.Display.create(Lorg/lwjgl/opengl/PixelFormat;Lorg/lwjgl/opengl/Drawable;Lorg/lwjgl/opengl/ContextAttribs;)V+72
j  org.lwjgl.opengl.Display.create(Lorg/lwjgl/opengl/PixelFormat;)V+12
j  org.newdawn.slick.AppGameContainer.tryCreateDisplay(Lorg/lwjgl/opengl/PixelFormat;)V+7
j  org.newdawn.slick.AppGameContainer.access$000(Lorg/newdawn/slick/AppGameContainer;Lorg/lwjgl/opengl/PixelFormat;)V+2
j  org.newdawn.slick.AppGameContainer$2.run()Ljava/lang/Object;+36
v  ~StubRoutines::call_stub
V  [libjvm.dylib+0x2d6bb0]  JavaCalls::call_helper(JavaValue*, methodHandle*, JavaCallArguments*, Thread*)+0x22a
V  [libjvm.dylib+0x2d6980]  JavaCalls::call(JavaValue*, methodHandle, JavaCallArguments*, Thread*)+0x28
V  [libjvm.dylib+0x32a264]  JVM_DoPrivileged+0x411
j  java.security.AccessController.doPrivileged(Ljava/security/PrivilegedAction;)Ljava/lang/Object;+0
j  org.newdawn.slick.AppGameContainer.setup()V+112
j  org.newdawn.slick.AppGameContainer.start()V+1
j  Test.main([Ljava/lang/String;)V+29
v  ~StubRoutines::call_stub
V  [libjvm.dylib+0x2d6bb0]  JavaCalls::call_helper(JavaValue*, methodHandle*, JavaCallArguments*, Thread*)+0x22a
V  [libjvm.dylib+0x2d6980]  JavaCalls::call(JavaValue*, methodHandle, JavaCallArguments*, Thread*)+0x28
V  [libjvm.dylib+0x460590]  Reflection::invoke(instanceKlassHandle, methodHandle, Handle, bool, objArrayHandle, BasicType, objArrayHandle, bool, Thread*)+0x9fc
V  [libjvm.dylib+0x4609f6]  Reflection::invoke_method(oopDesc*, Handle, objArrayHandle, Thread*)+0x16e
V  [libjvm.dylib+0x3234f7]  JVM_InvokeMethod+0x166
j  sun.reflect.NativeMethodAccessorImpl.invoke0(Ljava/lang/reflect/Method;Ljava/lang/Object;[Ljava/lang/Object;)Ljava/lang/Object;+0
j  sun.reflect.NativeMethodAccessorImpl.invoke(Ljava/lang/Object;[Ljava/lang/Object;)Ljava/lang/Object;+87
j  sun.reflect.DelegatingMethodAccessorImpl.invoke(Ljava/lang/Object;[Ljava/lang/Object;)Ljava/lang/Object;+6
j  java.lang.reflect.Method.invoke(Ljava/lang/Object;[Ljava/lang/Object;)Ljava/lang/Object;+57
j  com.intellij.rt.execution.application.AppMain.main([Ljava/lang/String;)V+163
v  ~StubRoutines::call_stub
V  [libjvm.dylib+0x2d6bb0]  JavaCalls::call_helper(JavaValue*, methodHandle*, JavaCallArguments*, Thread*)+0x22a
V  [libjvm.dylib+0x2d6980]  JavaCalls::call(JavaValue*, methodHandle, JavaCallArguments*, Thread*)+0x28
V  [libjvm.dylib+0x30a124]  jni_invoke_static(JNIEnv_*, JavaValue*, _jobject*, JNICallType, _jmethodID*, JNI_ArgumentPusher*, Thread*)+0xe6
V  [libjvm.dylib+0x3032bf]  jni_CallStaticVoidMethod+0x10b
C  [java+0x30fe]  JavaMain+0x91d
C  [libsystem_pthread.dylib+0x1899]  _pthread_body+0x8a
C  [libsystem_pthread.dylib+0x172a]  _pthread_struct_init+0x0
C  [libsystem_pthread.dylib+0x5fc9]  thread_start+0xd

Java frames: (J=compiled Java code, j=interpreted, Vv=VM code)
j  org.lwjgl.opengl.MacOSXDisplay.nCreateWindow(IIIIZZZZLjava/nio/ByteBuffer;Ljava/nio/ByteBuffer;)Ljava/nio/ByteBuffer;+0
j  org.lwjgl.opengl.MacOSXDisplay.createWindow(Lorg/lwjgl/opengl/DrawableLWJGL;Lorg/lwjgl/opengl/DisplayMode;Ljava/awt/Canvas;II)V+120
j  org.lwjgl.opengl.Display.createWindow()V+71
j  org.lwjgl.opengl.Display.create(Lorg/lwjgl/opengl/PixelFormat;Lorg/lwjgl/opengl/Drawable;Lorg/lwjgl/opengl/ContextAttribs;)V+72
j  org.lwjgl.opengl.Display.create(Lorg/lwjgl/opengl/PixelFormat;)V+12
j  org.newdawn.slick.AppGameContainer.tryCreateDisplay(Lorg/lwjgl/opengl/PixelFormat;)V+7
j  org.newdawn.slick.AppGameContainer.access$000(Lorg/newdawn/slick/AppGameContainer;Lorg/lwjgl/opengl/PixelFormat;)V+2
j  org.newdawn.slick.AppGameContainer$2.run()Ljava/lang/Object;+36
v  ~StubRoutines::call_stub
j  java.security.AccessController.doPrivileged(Ljava/security/PrivilegedAction;)Ljava/lang/Object;+0
j  org.newdawn.slick.AppGameContainer.setup()V+112
j  org.newdawn.slick.AppGameContainer.start()V+1
j  Test.main([Ljava/lang/String;)V+29
v  ~StubRoutines::call_stub
j  sun.reflect.NativeMethodAccessorImpl.invoke0(Ljava/lang/reflect/Method;Ljava/lang/Object;[Ljava/lang/Object;)Ljava/lang/Object;+0
j  sun.reflect.NativeMethodAccessorImpl.invoke(Ljava/lang/Object;[Ljava/lang/Object;)Ljava/lang/Object;+87
j  sun.reflect.DelegatingMethodAccessorImpl.invoke(Ljava/lang/Object;[Ljava/lang/Object;)Ljava/lang/Object;+6
j  java.lang.reflect.Method.invoke(Ljava/lang/Object;[Ljava/lang/Object;)Ljava/lang/Object;+57
j  com.intellij.rt.execution.application.AppMain.main([Ljava/lang/String;)V+163
v  ~StubRoutines::call_stub

---------------  P R O C E S S  ---------------

Java Threads: ( => current thread )
  0x00007f9cea044000 JavaThread "AWT-Shutdown" [_thread_blocked, id=30475, stack(0x000000011a744000,0x000000011a844000)]
  0x00007f9cea8b9000 JavaThread "AppKit Thread" daemon [_thread_in_native, id=1287, stack(0x00007fff5886b000,0x00007fff588eb000)]
  0x00007f9cea037000 JavaThread "Monitor Ctrl-Break" daemon [_thread_in_native, id=22275, stack(0x0000000118c4c000,0x0000000118d4c000)]
  0x00007f9cec044800 JavaThread "Service Thread" daemon [_thread_blocked, id=21251, stack(0x00000001187f9000,0x00000001188f9000)]
  0x00007f9cec044000 JavaThread "C2 CompilerThread1" daemon [_thread_blocked, id=20739, stack(0x00000001186f6000,0x00000001187f6000)]
  0x00007f9cea839000 JavaThread "C2 CompilerThread0" daemon [_thread_blocked, id=20227, stack(0x00000001185f3000,0x00000001186f3000)]
  0x00007f9cea812000 JavaThread "Signal Dispatcher" daemon [_thread_blocked, id=19715, stack(0x00000001184f0000,0x00000001185f0000)]
  0x00007f9cea005000 JavaThread "Finalizer" daemon [_thread_blocked, id=14595, stack(0x00000001182a1000,0x00000001183a1000)]
  0x00007f9cec800000 JavaThread "Reference Handler" daemon [_thread_blocked, id=14083, stack(0x000000011819e000,0x000000011829e000)]
=>0x00007f9cea803000 JavaThread "main" [_thread_in_vm, id=6403, stack(0x000000010742f000,0x000000010752f000)]

Other Threads:
  0x00007f9cec040800 VMThread [stack: 0x000000011809b000,0x000000011819b000] [id=13571]
  0x00007f9cec045800 WatcherThread [stack: 0x00000001188fc000,0x00000001189fc000] [id=21763]

VM state:not at safepoint (normal execution)

VM Mutex/Monitor currently owned by a thread: None

Heap
 PSYoungGen      total 76800K, used 6605K [0x00000007aaa80000, 0x00000007b0000000, 0x0000000800000000)
  eden space 66048K, 10% used [0x00000007aaa80000,0x00000007ab0f34d8,0x00000007aeb00000)
  from space 10752K, 0% used [0x00000007af580000,0x00000007af580000,0x00000007b0000000)
  to   space 10752K, 0% used [0x00000007aeb00000,0x00000007aeb00000,0x00000007af580000)
 ParOldGen       total 174592K, used 0K [0x0000000700000000, 0x000000070aa80000, 0x00000007aaa80000)
  object space 174592K, 0% used [0x0000000700000000,0x0000000700000000,0x000000070aa80000)
 PSPermGen       total 21504K, used 4739K [0x00000006fae00000, 0x00000006fc300000, 0x0000000700000000)
  object space 21504K, 22% used [0x00000006fae00000,0x00000006fb2a0c88,0x00000006fc300000)

Card table byte_map: [0x000000010c113000,0x000000010c93d000] byte_map_base: 0x000000010893c000

Polling page: 0x000000010756e000

Code Cache  [0x0000000109053000, 0x00000001092c3000, 0x000000010c053000)
 total_blobs=242 nmethods=13 adapters=184 free_code_cache=48723Kb largest_free_block=49878464

Compilation events (10 events):
Event: 0.100 Thread 0x00007f9cea839000    9             java.lang.Object::<init> (1 bytes)
Event: 0.100 Thread 0x00007f9cec044000   10             java.lang.String::equals (81 bytes)
Event: 0.100 Thread 0x00007f9cea839000 nmethod 9 0x00000001090ba090 code [0x00000001090ba1c0, 0x00000001090ba258]
Event: 0.103 Thread 0x00007f9cec044000 nmethod 10 0x00000001090b8310 code [0x00000001090b8460, 0x00000001090b86d8]
Event: 0.180 Thread 0x00007f9cea839000   11             java.lang.String::startsWith (72 bytes)
Event: 0.181 Thread 0x00007f9cea839000 nmethod 11 0x00000001090b74d0 code [0x00000001090b7620, 0x00000001090b77d8]
Event: 0.184 Thread 0x00007f9cec044000   12             java.lang.String::lastIndexOf (151 bytes)
Event: 0.185 Thread 0x00007f9cea839000   13             sun.net.www.ParseUtil::encodePath (336 bytes)
Event: 0.188 Thread 0x00007f9cec044000 nmethod 12 0x00000001090b90d0 code [0x00000001090b9220, 0x00000001090b9478]
Event: 0.198 Thread 0x00007f9cea839000 nmethod 13 0x00000001090bfd90 code [0x00000001090bffe0, 0x00000001090c1078]

GC Heap History (0 events):
No events

Deoptimization events (0 events):
No events

Internal exceptions (10 events):
Event: 0.187 Thread 0x00007f9cea803000 Threw 0x00000007aaefd208 at /HUDSON/workspace/7u-2-build-macosx-x86_64/jdk7u51/527/hotspot/src/share/vm/prims/jvm.cpp:1244
Event: 0.188 Thread 0x00007f9cea803000 Threw 0x00000007aaf02d20 at /HUDSON/workspace/7u-2-build-macosx-x86_64/jdk7u51/527/hotspot/src/share/vm/prims/jvm.cpp:1244
Event: 0.198 Thread 0x00007f9cea803000 Threw 0x00000007aaf34d68 at /HUDSON/workspace/7u-2-build-macosx-x86_64/jdk7u51/527/hotspot/src/share/vm/prims/jvm.cpp:1244
Event: 0.198 Thread 0x00007f9cea803000 Threw 0x00000007aaf3a5b8 at /HUDSON/workspace/7u-2-build-macosx-x86_64/jdk7u51/527/hotspot/src/share/vm/prims/jvm.cpp:1244
Event: 0.199 Thread 0x00007f9cea803000 Threw 0x00000007aaf409d8 at /HUDSON/workspace/7u-2-build-macosx-x86_64/jdk7u51/527/hotspot/src/share/vm/prims/jvm.cpp:1244
Event: 0.199 Thread 0x00007f9cea803000 Threw 0x00000007aaf471a0 at /HUDSON/workspace/7u-2-build-macosx-x86_64/jdk7u51/527/hotspot/src/share/vm/prims/jvm.cpp:1244
Event: 0.200 Thread 0x00007f9cea803000 Threw 0x00000007aaf4fa78 at /HUDSON/workspace/7u-2-build-macosx-x86_64/jdk7u51/527/hotspot/src/share/vm/prims/jvm.cpp:1244
Event: 0.200 Thread 0x00007f9cea803000 Threw 0x00000007aaf54ea0 at /HUDSON/workspace/7u-2-build-macosx-x86_64/jdk7u51/527/hotspot/src/share/vm/prims/jvm.cpp:1244
Event: 0.206 Thread 0x00007f9cea803000 Threw 0x00000007aaf5a840 at /HUDSON/workspace/7u-2-build-macosx-x86_64/jdk7u51/527/hotspot/src/share/vm/prims/jvm.cpp:1244
Event: 0.207 Thread 0x00007f9cea803000 Threw 0x00000007aaf610c0 at /HUDSON/workspace/7u-2-build-macosx-x86_64/jdk7u51/527/hotspot/src/share/vm/prims/jvm.cpp:1244

Events (10 events):
Event: 0.200 loading class 0x00007f9ce9616160
Event: 0.200 loading class 0x00007f9ce9616160 done
Event: 0.201 loading class 0x000000011618d040
Event: 0.201 loading class 0x000000011618d040 done
Event: 0.201 loading class 0x00007f9cec0732e0
Event: 0.201 loading class 0x00007f9cec0732e0 done
Event: 0.206 loading class 0x00007f9ce9515490
Event: 0.206 loading class 0x00007f9ce9515490 done
Event: 0.207 loading class 0x00007f9ce9616370
Event: 0.207 loading class 0x00007f9ce9616370 done


Dynamic libraries:
0x000000000a657000 	/System/Library/Frameworks/Cocoa.framework/Versions/A/Cocoa
0x000000000a657000 	/System/Library/Frameworks/Security.framework/Versions/A/Security
0x000000000a657000 	/System/Library/Frameworks/ApplicationServices.framework/Versions/A/ApplicationServices
0x000000000a657000 	/usr/lib/libz.1.dylib
0x000000000a657000 	/usr/lib/libSystem.B.dylib
0x000000000a657000 	/usr/lib/libobjc.A.dylib
0x000000000a657000 	/System/Library/Frameworks/CoreFoundation.framework/Versions/A/CoreFoundation
0x000000000a657000 	/System/Library/Frameworks/Foundation.framework/Versions/C/Foundation
0x000000000a657000 	/System/Library/Frameworks/AppKit.framework/Versions/C/AppKit
0x000000000a657000 	/System/Library/Frameworks/CoreData.framework/Versions/A/CoreData
0x000000000a657000 	/System/Library/PrivateFrameworks/RemoteViewServices.framework/Versions/A/RemoteViewServices
0x000000000a657000 	/System/Library/Frameworks/AudioToolbox.framework/Versions/A/AudioToolbox
0x000000000a657000 	/System/Library/Frameworks/AudioUnit.framework/Versions/A/AudioUnit
0x000000000a657000 	/System/Library/PrivateFrameworks/DataDetectorsCore.framework/Versions/A/DataDetectorsCore
0x000000000a657000 	/System/Library/PrivateFrameworks/DesktopServicesPriv.framework/Versions/A/DesktopServicesPriv
0x000000000a657000 	/System/Library/Frameworks/Carbon.framework/Versions/A/Frameworks/HIToolbox.framework/Versions/A/HIToolbox
0x000000000a657000 	/System/Library/Frameworks/QuartzCore.framework/Versions/A/QuartzCore
0x000000000a657000 	/System/Library/Frameworks/Carbon.framework/Versions/A/Frameworks/SpeechRecognition.framework/Versions/A/SpeechRecognition
0x000000000a657000 	/usr/lib/libauto.dylib
0x000000000a657000 	/usr/lib/libicucore.A.dylib
0x000000000a657000 	/usr/lib/libxml2.2.dylib
0x000000000a657000 	/System/Library/PrivateFrameworks/CoreUI.framework/Versions/A/CoreUI
0x000000000a657000 	/System/Library/Frameworks/CoreAudio.framework/Versions/A/CoreAudio
0x000000000a657000 	/System/Library/Frameworks/DiskArbitration.framework/Versions/A/DiskArbitration
0x000000000a657000 	/usr/lib/liblangid.dylib
0x000000000a657000 	/System/Library/PrivateFrameworks/MultitouchSupport.framework/Versions/A/MultitouchSupport
0x000000000a657000 	/System/Library/Frameworks/IOKit.framework/Versions/A/IOKit
0x000000000a657000 	/usr/lib/libDiagnosticMessagesClient.dylib
0x000000000a657000 	/System/Library/Frameworks/CoreServices.framework/Versions/A/CoreServices
0x000000000a657000 	/System/Library/PrivateFrameworks/PerformanceAnalysis.framework/Versions/A/PerformanceAnalysis
0x000000000a657000 	/System/Library/PrivateFrameworks/GenerationalStorage.framework/Versions/A/GenerationalStorage
0x000000000a657000 	/System/Library/Frameworks/OpenGL.framework/Versions/A/OpenGL
0x000000000a657000 	/System/Library/PrivateFrameworks/Sharing.framework/Versions/A/Sharing
0x000000000a657000 	/System/Library/Frameworks/ImageIO.framework/Versions/A/ImageIO
0x000000000a657000 	/System/Library/Frameworks/CoreText.framework/Versions/A/CoreText
0x000000000a657000 	/System/Library/Frameworks/CoreGraphics.framework/Versions/A/CoreGraphics
0x000000000a657000 	/System/Library/PrivateFrameworks/Backup.framework/Versions/A/Backup
0x000000000a657000 	/System/Library/Frameworks/CFNetwork.framework/Versions/A/CFNetwork
0x000000000a657000 	/System/Library/Frameworks/SystemConfiguration.framework/Versions/A/SystemConfiguration
0x000000000a657000 	/usr/lib/libCRFSuite.dylib
0x000000000a657000 	/usr/lib/libc++.1.dylib
0x000000000a657000 	/usr/lib/libc++abi.dylib
0x000000000a657000 	/usr/lib/system/libcache.dylib
0x000000000a657000 	/usr/lib/system/libcommonCrypto.dylib
0x000000000a657000 	/usr/lib/system/libcompiler_rt.dylib
0x000000000a657000 	/usr/lib/system/libcopyfile.dylib
0x000000000a657000 	/usr/lib/system/libcorecrypto.dylib
0x000000000a657000 	/usr/lib/system/libdispatch.dylib
0x000000000a657000 	/usr/lib/system/libdyld.dylib
0x000000000a657000 	/usr/lib/system/libkeymgr.dylib
0x000000000a657000 	/usr/lib/system/liblaunch.dylib
0x000000000a657000 	/usr/lib/system/libmacho.dylib
0x000000000a657000 	/usr/lib/system/libquarantine.dylib
0x000000000a657000 	/usr/lib/system/libremovefile.dylib
0x000000000a657000 	/usr/lib/system/libsystem_asl.dylib
0x000000000a657000 	/usr/lib/system/libsystem_blocks.dylib
0x000000000a657000 	/usr/lib/system/libsystem_c.dylib
0x000000000a657000 	/usr/lib/system/libsystem_configuration.dylib
0x000000000a657000 	/usr/lib/system/libsystem_dnssd.dylib
0x000000000a657000 	/usr/lib/system/libsystem_info.dylib
0x000000000a657000 	/usr/lib/system/libsystem_kernel.dylib
0x000000000a657000 	/usr/lib/system/libsystem_m.dylib
0x000000000a657000 	/usr/lib/system/libsystem_malloc.dylib
0x000000000a657000 	/usr/lib/system/libsystem_network.dylib
0x000000000a657000 	/usr/lib/system/libsystem_notify.dylib
0x000000000a657000 	/usr/lib/system/libsystem_platform.dylib
0x000000000a657000 	/usr/lib/system/libsystem_pthread.dylib
0x000000000a657000 	/usr/lib/system/libsystem_sandbox.dylib
0x000000000a657000 	/usr/lib/system/libsystem_stats.dylib
0x000000000a657000 	/usr/lib/system/libunc.dylib
0x000000000a657000 	/usr/lib/system/libunwind.dylib
0x000000000a657000 	/usr/lib/system/libxpc.dylib
0x000000000a657000 	/usr/lib/libbsm.0.dylib
0x000000000a657000 	/usr/lib/libsqlite3.dylib
0x000000000a657000 	/usr/lib/libxar.1.dylib
0x000000000a657000 	/usr/lib/libpam.2.dylib
0x000000000a657000 	/usr/lib/libOpenScriptingUtil.dylib
0x000000000a657000 	/usr/lib/libbz2.1.0.dylib
0x000000000a657000 	/System/Library/Frameworks/CoreServices.framework/Versions/A/Frameworks/CarbonCore.framework/Versions/A/CarbonCore
0x000000000a657000 	/System/Library/Frameworks/CoreServices.framework/Versions/A/Frameworks/Metadata.framework/Versions/A/Metadata
0x000000000a657000 	/System/Library/Frameworks/CoreServices.framework/Versions/A/Frameworks/OSServices.framework/Versions/A/OSServices
0x000000000a657000 	/System/Library/Frameworks/CoreServices.framework/Versions/A/Frameworks/SearchKit.framework/Versions/A/SearchKit
0x000000000a657000 	/System/Library/Frameworks/CoreServices.framework/Versions/A/Frameworks/AE.framework/Versions/A/AE
0x000000000a657000 	/System/Library/Frameworks/CoreServices.framework/Versions/A/Frameworks/LaunchServices.framework/Versions/A/LaunchServices
0x000000000a657000 	/System/Library/Frameworks/CoreServices.framework/Versions/A/Frameworks/DictionaryServices.framework/Versions/A/DictionaryServices
0x000000000a657000 	/System/Library/Frameworks/NetFS.framework/Versions/A/NetFS
0x000000000a657000 	/usr/lib/system/libkxld.dylib
0x000000000a657000 	/System/Library/PrivateFrameworks/NetAuth.framework/Versions/A/NetAuth
0x000000000a657000 	/System/Library/PrivateFrameworks/TCC.framework/Versions/A/TCC
0x000000000a657000 	/System/Library/Frameworks/OpenDirectory.framework/Versions/A/Frameworks/CFOpenDirectory.framework/Versions/A/CFOpenDirectory
0x000000000a657000 	/System/Library/Frameworks/ServiceManagement.framework/Versions/A/ServiceManagement
0x000000000a657000 	/usr/lib/libxslt.1.dylib
0x000000000a657000 	/System/Library/Frameworks/Carbon.framework/Versions/A/Frameworks/Ink.framework/Versions/A/Ink
0x000000000a657000 	/System/Library/Frameworks/ApplicationServices.framework/Versions/A/Frameworks/ATS.framework/Versions/A/ATS
0x000000000a657000 	/System/Library/Frameworks/ApplicationServices.framework/Versions/A/Frameworks/ColorSync.framework/Versions/A/ColorSync
0x000000000a657000 	/System/Library/Frameworks/ApplicationServices.framework/Versions/A/Frameworks/HIServices.framework/Versions/A/HIServices
0x000000000a657000 	/System/Library/Frameworks/ApplicationServices.framework/Versions/A/Frameworks/LangAnalysis.framework/Versions/A/LangAnalysis
0x000000000a657000 	/System/Library/Frameworks/ApplicationServices.framework/Versions/A/Frameworks/PrintCore.framework/Versions/A/PrintCore
0x000000000a657000 	/System/Library/Frameworks/ApplicationServices.framework/Versions/A/Frameworks/QD.framework/Versions/A/QD
0x000000000a657000 	/System/Library/Frameworks/ApplicationServices.framework/Versions/A/Frameworks/SpeechSynthesis.framework/Versions/A/SpeechSynthesis
0x000000000a657000 	/System/Library/Frameworks/IOSurface.framework/Versions/A/IOSurface
0x000000000a657000 	/System/Library/Frameworks/Accelerate.framework/Versions/A/Accelerate
0x000000000a657000 	/System/Library/Frameworks/Accelerate.framework/Versions/A/Frameworks/vImage.framework/Versions/A/vImage
0x000000000a657000 	/System/Library/Frameworks/Accelerate.framework/Versions/A/Frameworks/vecLib.framework/Versions/A/vecLib
0x000000000a657000 	/System/Library/Frameworks/Accelerate.framework/Versions/A/Frameworks/vecLib.framework/Versions/A/libvDSP.dylib
0x000000000a657000 	/System/Library/Frameworks/Accelerate.framework/Versions/A/Frameworks/vecLib.framework/Versions/A/libvMisc.dylib
0x000000000a657000 	/System/Library/Frameworks/Accelerate.framework/Versions/A/Frameworks/vecLib.framework/Versions/A/libLAPACK.dylib
0x000000000a657000 	/System/Library/Frameworks/Accelerate.framework/Versions/A/Frameworks/vecLib.framework/Versions/A/libBLAS.dylib
0x000000000a657000 	/System/Library/Frameworks/ApplicationServices.framework/Versions/A/Frameworks/ATS.framework/Versions/A/Resources/libFontParser.dylib
0x000000000a657000 	/System/Library/Frameworks/ApplicationServices.framework/Versions/A/Frameworks/ATS.framework/Versions/A/Resources/libFontRegistry.dylib
0x000000000a657000 	/System/Library/Frameworks/ImageIO.framework/Versions/A/Resources/libJPEG.dylib
0x000000000a657000 	/System/Library/Frameworks/ImageIO.framework/Versions/A/Resources/libTIFF.dylib
0x000000000a657000 	/System/Library/Frameworks/ImageIO.framework/Versions/A/Resources/libPng.dylib
0x000000000a657000 	/System/Library/Frameworks/ImageIO.framework/Versions/A/Resources/libGIF.dylib
0x000000000a657000 	/System/Library/Frameworks/ImageIO.framework/Versions/A/Resources/libJP2.dylib
0x000000000a657000 	/System/Library/Frameworks/ImageIO.framework/Versions/A/Resources/libRadiance.dylib
0x000000000a657000 	/usr/lib/libcups.2.dylib
0x000000000a657000 	/System/Library/Frameworks/Kerberos.framework/Versions/A/Kerberos
0x000000000a657000 	/System/Library/Frameworks/GSS.framework/Versions/A/GSS
0x000000000a657000 	/usr/lib/libresolv.9.dylib
0x000000000a657000 	/usr/lib/libiconv.2.dylib
0x000000000a657000 	/System/Library/PrivateFrameworks/Heimdal.framework/Versions/A/Heimdal
0x000000000a657000 	/System/Library/PrivateFrameworks/TrustEvaluationAgent.framework/Versions/A/TrustEvaluationAgent
0x000000000a657000 	/usr/lib/libheimdal-asn1.dylib
0x000000000a657000 	/System/Library/Frameworks/OpenDirectory.framework/Versions/A/OpenDirectory
0x000000000a657000 	/System/Library/PrivateFrameworks/CommonAuth.framework/Versions/A/CommonAuth
0x000000000a657000 	/System/Library/Frameworks/SecurityFoundation.framework/Versions/A/SecurityFoundation
0x000000000a657000 	/System/Library/PrivateFrameworks/Bom.framework/Versions/A/Bom
0x000000000a657000 	/System/Library/Frameworks/CoreVideo.framework/Versions/A/CoreVideo
0x000000000a657000 	/System/Library/Frameworks/QuartzCore.framework/Versions/A/Frameworks/CoreImage.framework/Versions/A/CoreImage
0x000000000a657000 	/System/Library/Frameworks/QuartzCore.framework/Versions/A/Frameworks/ScalableUserInterface.framework/Versions/A/ScalableUserInterface
0x000000000a657000 	/System/Library/Frameworks/OpenGL.framework/Versions/A/Libraries/libGLU.dylib
0x000000000a657000 	/System/Library/Frameworks/OpenGL.framework/Versions/A/Libraries/libGFXShared.dylib
0x000000000a657000 	/System/Library/Frameworks/OpenGL.framework/Versions/A/Libraries/libGL.dylib
0x000000000a657000 	/System/Library/Frameworks/OpenGL.framework/Versions/A/Libraries/libGLImage.dylib
0x000000000a657000 	/System/Library/Frameworks/OpenGL.framework/Versions/A/Libraries/libCVMSPluginSupport.dylib
0x000000000a657000 	/System/Library/Frameworks/OpenGL.framework/Versions/A/Libraries/libCoreVMClient.dylib
0x000000000a657000 	/System/Library/PrivateFrameworks/FaceCore.framework/Versions/A/FaceCore
0x000000000a657000 	/System/Library/PrivateFrameworks/CrashReporterSupport.framework/Versions/A/CrashReporterSupport
0x000000000a657000 	/System/Library/Frameworks/OpenCL.framework/Versions/A/OpenCL
0x000000000a657000 	/System/Library/PrivateFrameworks/AppleFSCompression.framework/Versions/A/AppleFSCompression
0x000000000a657000 	/System/Library/PrivateFrameworks/Ubiquity.framework/Versions/A/Ubiquity
0x000000000a657000 	/System/Library/PrivateFrameworks/IconServices.framework/Versions/A/IconServices
0x000000000a657000 	/System/Library/PrivateFrameworks/ChunkingLibrary.framework/Versions/A/ChunkingLibrary
0x000000000a657000 	/System/Library/PrivateFrameworks/CoreSymbolication.framework/Versions/A/CoreSymbolication
0x000000000a657000 	/System/Library/PrivateFrameworks/Symbolication.framework/Versions/A/Symbolication
0x000000000a657000 	/System/Library/PrivateFrameworks/DebugSymbols.framework/Versions/A/DebugSymbols
0x000000004d060000 	/System/Library/CoreServices/Encodings/libCyrillicConverter.dylib
0x0000000108600000 	/Library/Java/JavaVirtualMachines/jdk1.7.0_51.jdk/Contents/Home/jre/lib/server/libjvm.dylib
0x000000000a657000 	/usr/lib/libstdc++.6.dylib
0x0000000107531000 	/Library/Java/JavaVirtualMachines/jdk1.7.0_51.jdk/Contents/Home/jre/lib/libverify.dylib
0x000000010753e000 	/Library/Java/JavaVirtualMachines/jdk1.7.0_51.jdk/Contents/Home/jre/lib/libjava.dylib
0x0000000107578000 	/Library/Java/JavaVirtualMachines/jdk1.7.0_51.jdk/Contents/Home/jre/lib/libzip.dylib
0x00000001183a3000 	/System/Library/Frameworks/JavaVM.framework/Frameworks/JavaRuntimeSupport.framework/JavaRuntimeSupport
0x00000001183bb000 	/System/Library/Frameworks/JavaVM.framework/Versions/A/Frameworks/JavaNativeFoundation.framework/Versions/A/JavaNativeFoundation
0x00000001183d0000 	/System/Library/Frameworks/JavaVM.framework/Versions/A/JavaVM
0x000000000a657000 	/System/Library/Frameworks/Carbon.framework/Versions/A/Carbon
0x00000001183dd000 	/System/Library/PrivateFrameworks/JavaLaunching.framework/Versions/A/JavaLaunching
0x000000000a657000 	/System/Library/Frameworks/Carbon.framework/Versions/A/Frameworks/CommonPanels.framework/Versions/A/CommonPanels
0x000000000a657000 	/System/Library/Frameworks/Carbon.framework/Versions/A/Frameworks/Help.framework/Versions/A/Help
0x000000000a657000 	/System/Library/Frameworks/Carbon.framework/Versions/A/Frameworks/ImageCapture.framework/Versions/A/ImageCapture
0x000000000a657000 	/System/Library/Frameworks/Carbon.framework/Versions/A/Frameworks/OpenScripting.framework/Versions/A/OpenScripting
0x000000000a657000 	/System/Library/Frameworks/Carbon.framework/Versions/A/Frameworks/Print.framework/Versions/A/Print
0x000000000a657000 	/System/Library/Frameworks/Carbon.framework/Versions/A/Frameworks/SecurityHI.framework/Versions/A/SecurityHI
0x0000000118c48000 	/Applications/IntelliJ IDEA 13.app/bin/libbreakgen64.jnilib
0x0000000118d4e000 	/Library/Java/JavaVirtualMachines/jdk1.7.0_51.jdk/Contents/Home/jre/lib/libnet.dylib
0x0000000118db6000 	/Library/Java/JavaVirtualMachines/jdk1.7.0_51.jdk/Contents/Home/jre/lib/libawt.dylib
0x0000000118e65000 	/Library/Java/JavaVirtualMachines/jdk1.7.0_51.jdk/Contents/Home/jre/lib/./libmlib_image.dylib
0x0000000118f31000 	/Library/Java/JavaVirtualMachines/jdk1.7.0_51.jdk/Contents/Home/jre/lib/lwawt/liblwawt.dylib
0x0000000118fe5000 	/Library/Java/JavaVirtualMachines/jdk1.7.0_51.jdk/Contents/Home/jre/lib/libosxapp.dylib
0x000000000a657000 	/System/Library/Frameworks/ExceptionHandling.framework/Versions/A/ExceptionHandling
0x000000000a657000 	/System/Library/PrivateFrameworks/CoreServicesInternal.framework/Versions/A/CoreServicesInternal
0x000000000a657000 	/System/Library/PrivateFrameworks/Librarian.framework/Versions/A/Librarian
0x000000000a657000 	/System/Library/Frameworks/CoreGraphics.framework/Versions/A/Resources/libCGCMS.A.dylib
0x000000000a657000 	/System/Library/Frameworks/CoreGraphics.framework/Versions/A/Resources/libRIP.A.dylib
0x000000000a657000 	/System/Library/Frameworks/CoreGraphics.framework/Versions/A/Resources/libCGXType.A.dylib
0x000000000a657000 	/System/Library/PrivateFrameworks/FamilyControls.framework/Versions/A/FamilyControls
0x000000000a657000 	/System/Library/PrivateFrameworks/CommerceKit.framework/Versions/A/Frameworks/CommerceCore.framework/Versions/A/CommerceCore
0x000000000a657000 	/System/Library/PrivateFrameworks/SystemAdministration.framework/Versions/A/SystemAdministration
0x000000000a657000 	/System/Library/Frameworks/DirectoryService.framework/Versions/A/DirectoryService
0x000000000a657000 	/System/Library/PrivateFrameworks/DiskImages.framework/Versions/A/DiskImages
0x000000000a657000 	/System/Library/PrivateFrameworks/LoginUIKit.framework/Versions/A/Frameworks/LoginUICore.framework/Versions/A/LoginUICore
0x000000000a657000 	/usr/lib/libCoreStorage.dylib
0x000000000a657000 	/usr/lib/libcsfde.dylib
0x000000000a657000 	/usr/lib/libodfde.dylib
0x000000000a657000 	/System/Library/Frameworks/DiscRecording.framework/Versions/A/DiscRecording
0x000000000a657000 	/usr/lib/libcurl.4.dylib
0x000000000a657000 	/System/Library/PrivateFrameworks/MediaKit.framework/Versions/A/MediaKit
0x000000000a657000 	/System/Library/PrivateFrameworks/EFILogin.framework/Versions/A/EFILogin
0x000000000a657000 	/usr/lib/libutil.dylib
0x000000000a657000 	/System/Library/PrivateFrameworks/AOSNotification.framework/Versions/A/AOSNotification
0x000000000a657000 	/System/Library/Frameworks/LDAP.framework/Versions/A/LDAP
0x000000000a657000 	/usr/lib/libsasl2.2.dylib
0x000000000a657000 	/usr/lib/libcrypto.0.9.8.dylib
0x000000000a657000 	/usr/lib/libssl.0.9.8.dylib
0x000000011d151000 	/Library/Java/JavaVirtualMachines/jdk1.7.0_51.jdk/Contents/Home/jre/lib/libfontmanager.dylib
0x000000011d1b8000 	/Users/lexmint/Dropbox/Java Projects/Courses/lib/native-osx/liblwjgl.jnilib
0x000000011a8e7000 	/Library/Java/JavaVirtualMachines/jdk1.7.0_51.jdk/Contents/Home/jre/lib/libjawt.dylib
0x000000011b6f1000 	/Library/Java/JavaVirtualMachines/jdk1.7.0_51.jdk/Contents/Home/jre/lib/libnio.dylib
0x000000000a657000 	/System/Library/Frameworks/OpenGL.framework/Versions/A/Resources/GLEngine.bundle/GLEngine
0x000000000a657000 	/System/Library/Frameworks/OpenGL.framework/Versions/A/Libraries/libGLProgrammability.dylib
0x0000000000000000 	/System/Library/Extensions/GeForceGLDriver.bundle/Contents/MacOS/GeForceGLDriver
0x000000000a657000 	/System/Library/PrivateFrameworks/IOAccelerator.framework/Versions/A/IOAccelerator
0x000000000a657000 	/System/Library/PrivateFrameworks/GPUSupport.framework/Versions/A/Libraries/libGPUSupportMercury.dylib
0x000000000a657000 	/System/Library/Extensions/GeForceGLDriver.bundle/Contents/MacOS/libclh.dylib
0x000000000a657000 	/System/Library/Frameworks/OpenGL.framework/Versions/A/Resources/GLRendererFloat.bundle/GLRendererFloat
0x000000000a657000 	/System/Library/Frameworks/OpenCL.framework/Versions/A/Libraries/libcldcpuengine.dylib

VM Arguments:
jvm_args: -Djava.library.path=lib/native-osx -Didea.launcher.port=7536 -Didea.launcher.bin.path=/Applications/IntelliJ IDEA 13.app/bin -Dfile.encoding=UTF-8 
java_command: com.intellij.rt.execution.application.AppMain Test
Launcher Type: SUN_STANDARD

Environment Variables:
PATH=/usr/bin:/bin:/usr/sbin:/sbin:/usr/local/bin:/opt/X11/bin
SHELL=/bin/bash
DISPLAY=/tmp/launch-pIItV0/org.macosforge.xquartz:0

Signal Handlers:
SIGSEGV: [libjvm.dylib+0x525425], sa_mask[0]=0xfffefeff, sa_flags=0x00000043
SIGBUS: [libjvm.dylib+0x525425], sa_mask[0]=0xfffefeff, sa_flags=0x00000042
SIGFPE: [libjvm.dylib+0x41892a], sa_mask[0]=0xfffefeff, sa_flags=0x00000042
SIGPIPE: [libjvm.dylib+0x41892a], sa_mask[0]=0xfffefeff, sa_flags=0x00000042
SIGXFSZ: [libjvm.dylib+0x41892a], sa_mask[0]=0xfffefeff, sa_flags=0x00000042
SIGILL: [libjvm.dylib+0x41892a], sa_mask[0]=0xfffefeff, sa_flags=0x00000042
SIGUSR1: SIG_DFL, sa_mask[0]=0x00000000, sa_flags=0x00000002
SIGUSR2: [libjvm.dylib+0x41841c], sa_mask[0]=0x00000004, sa_flags=0x00000042
SIGHUP: [libjvm.dylib+0x4166ab], sa_mask[0]=0xfffefeff, sa_flags=0x00000042
SIGINT: [libjvm.dylib+0x4166ab], sa_mask[0]=0xfffefeff, sa_flags=0x00000042
SIGTERM: [libjvm.dylib+0x4166ab], sa_mask[0]=0xfffefeff, sa_flags=0x00000042
SIGQUIT: [libjvm.dylib+0x4166ab], sa_mask[0]=0xfffefeff, sa_flags=0x00000042


---------------  S Y S T E M  ---------------

OS:Bsduname:Darwin 13.4.0 Darwin Kernel Version 13.4.0: Sun Aug 17 19:50:11 PDT 2014; root:xnu-2422.115.4~1/RELEASE_X86_64 x86_64
rlimit: STACK 8192k, CORE 0k, NPROC 709, NOFILE 10240, AS infinity
load average:1.89 1.78 1.77

CPU:total 8 (4 cores per cpu, 2 threads per core) family 6 model 60 stepping 3, cmov, cx8, fxsr, mmx, sse, sse2, sse3, ssse3, sse4.1, sse4.2, popcnt, avx, avx2, aes, erms, ht, tsc, tscinvbit

Memory: 4k page, physical 16777216k(4194304k free)

/proc/meminfo:


vm_info: Java HotSpot(TM) 64-Bit Server VM (24.51-b03) for bsd-amd64 JRE (1.7.0_51-b13), built on Dec 18 2013 18:45:56 by "java_re" with gcc 4.2.1 (Based on Apple Inc. build 5658) (LLVM build 2336.11.00)

time: Tue Oct 14 07:11:20 2014
elapsed time: 0 seconds

