#
# A fatal error has been detected by the Java Runtime Environment:
#
#  SIGSEGV (0xb) at pc=0x0000000101cfbdbd, pid=2420, tid=6403
#
# JRE version: Java(TM) SE Runtime Environment (7.0_51-b13) (build 1.7.0_51-b13)
# Java VM: Java HotSpot(TM) 64-Bit Server VM (24.51-b03 mixed mode bsd-amd64 compressed oops)
# Problematic frame:
# V  [libjvm.dylib+0x2fbdbd]
#
# Failed to write core dump. Core dumps have been disabled. To enable core dumping, try "ulimit -c unlimited" before starting Java again
#
# If you would like to submit a bug report, please visit:
#   http://bugreport.sun.com/bugreport/crash.jsp
#

---------------  T H R E A D  ---------------

Current thread (0x00007f9093000000):  JavaThread "main" [_thread_in_vm, id=6403, stack(0x0000000102454000,0x0000000102554000)]

siginfo:si_signo=SIGSEGV: si_errno=0, si_code=1 (SEGV_MAPERR), si_addr=0x0000000000000009

Registers:
RAX=0x00000006fb03ac28, RBX=0x00007f9090606840, RCX=0x0000000102202c03, RDX=0x0000000000000001
RSP=0x00000001025521e0, RBP=0x0000000102552200, RSI=0x00000001021705c0, RDI=0x00000007aaaf4248
R8 =0x0000000000000280, R9 =0x00000000000001e0, R10=0x00007f90928290d0, R11=0x00007fff7ad57e30
R12=0x00007f90930001e8, R13=0x0000000102552308, R14=0x00000007aaaaa5f0, R15=0x00007f90930001e8
RIP=0x0000000101cfbdbd, EFLAGS=0x0000000000010202, ERR=0x0000000000000004
  TRAPNO=0x000000000000000e

Top of Stack: (sp=0x00000001025521e0)
0x00000001025521e0:   00007f9093000000 00000007aaaaa5f0
0x00000001025521f0:   00007f90930001e8 00007f9093000000
0x0000000102552200:   0000000102552230 0000000101d090a8
0x0000000102552210:   0000000102552230 0000000000000000
0x0000000102552220:   0000000000000000 0000000000000000
0x0000000102552230:   00000001025522c0 000000011674522b
0x0000000102552240:   0000000102552298 0000009002552390
0x0000000102552250:   00000280000001e0 000003c0000001e0
0x0000000102552260:   00000001025523d8 00007f9093000000
0x0000000102552270:   00000001025522b0 0000000101cd0e07
0x0000000102552280:   00007f9093000000 0000000102552300
0x0000000102552290:   00007f9093000000 00000006fb1d56b0
0x00000001025522a0:   0000000000000000 00000006fb1d56a8
0x00000001025522b0:   00000001025523d8 00007f9093000000
0x00000001025522c0:   0000000102552368 0000000102568698
0x00000001025522d0:   0000000000000000 0000000100000000
0x00000001025522e0:   0000000100000000 0000000100000000
0x00000001025522f0:   0000000102552390 0000000000000000
0x0000000102552300:   00000007aaaaa5f0 0000000102552308
0x0000000102552310:   00000006fb10fc66 0000000102552358
0x0000000102552320:   00000006fb11d718 0000000102552328
0x0000000102552330:   00000006fb1d56a8 00000001025523d8
0x0000000102552340:   00000006fb1ff658 0000000000000000
0x0000000102552350:   00000006fb1d56b0 0000000000000000
0x0000000102552360:   0000000102552388 0000000102552428
0x0000000102552370:   000000010255c233 0000000000000000
0x0000000102552380:   0000000102564cdb 0000000000000000
0x0000000102552390:   00000007aaf591e8 0000000000000000
0x00000001025523a0:   0000000000000000 0000000000000000
0x00000001025523b0:   0000000000000000 00000000000001e0
0x00000001025523c0:   0000000000000280 00000000000001e0
0x00000001025523d0:   00000000000003c0 00000007aaec9b08 

Instructions: (pc=0x0000000101cfbdbd)
0x0000000101cfbd9d:   c0 75 04 30 c0 eb 39 48 8d 0d e5 6e 50 00 80 39
0x0000000101cfbdad:   00 49 8b 16 74 15 48 8d 35 06 48 47 00 8a 4e 08
0x0000000101cfbdbd:   8b 7a 08 48 d3 e7 48 03 3e eb 04 48 8b 7a 08 48
0x0000000101cfbdcd:   83 c7 10 48 89 c6 e8 00 be f3 ff 84 c0 0f 95 c0 

Register to memory mapping:

RAX=0x00000006fb03ac28 is an oop
{instance class} 
 - klass: {other class}
RBX=0x00007f9090606840 is a global jni handle
RCX=0x0000000102202c03: G1LogLevel+0x3 in /Library/Java/JavaVirtualMachines/jdk1.7.0_51.jdk/Contents/Home/jre/lib/server/libjvm.dylib at 0x0000000101a00000
RDX=0x0000000000000001 is an unknown value
RSP=0x00000001025521e0 is pointing into the stack for thread: 0x00007f9093000000
RBP=0x0000000102552200 is pointing into the stack for thread: 0x00007f9093000000
RSI=0x00000001021705c0: _ZN8Universe11_narrow_oopE+0 in /Library/Java/JavaVirtualMachines/jdk1.7.0_51.jdk/Contents/Home/jre/lib/server/libjvm.dylib at 0x0000000101a00000
RDI=0x00000007aaaf4248 is an oop
java.lang.Class 
 - klass: 'java/lang/Class'
R8 =0x0000000000000280 is an unknown value
R9 =0x00000000000001e0 is an unknown value
R10=0x00007f90928290d0 is an unknown value
R11=0x00007fff7ad57e30: OBJC_CLASS_$_NSAutoreleasePool+0 in /System/Library/Frameworks/Foundation.framework/Versions/C/Foundation at 0x00007fff8d7e7000
R12=0x00007f90930001e8 is an unknown value
R13=0x0000000102552308 is pointing into the stack for thread: 0x00007f9093000000
R14=0x00000007aaaaa5f0 is an oop
java.lang.Boolean 
 - klass: 'java/lang/Boolean'
R15=0x00007f90930001e8 is an unknown value


Stack: [0x0000000102454000,0x0000000102554000],  sp=0x00000001025521e0,  free space=1016k
Native frames: (J=compiled Java code, j=interpreted, Vv=VM code, C=native code)
V  [libjvm.dylib+0x2fbdbd]
V  [libjvm.dylib+0x3090a8]
C  [liblwjgl.jnilib+0xc22b]  Java_org_lwjgl_opengl_MacOSXDisplay_nCreateWindow+0x9b
j  org.lwjgl.opengl.MacOSXDisplay.nCreateWindow(IIIIZZZZLjava/nio/ByteBuffer;Ljava/nio/ByteBuffer;)Ljava/nio/ByteBuffer;+0
j  org.lwjgl.opengl.MacOSXDisplay.createWindow(Lorg/lwjgl/opengl/DrawableLWJGL;Lorg/lwjgl/opengl/DisplayMode;Ljava/awt/Canvas;II)V+120
j  org.lwjgl.opengl.Display.createWindow()V+71
j  org.lwjgl.opengl.Display.create(Lorg/lwjgl/opengl/PixelFormat;Lorg/lwjgl/opengl/Drawable;Lorg/lwjgl/opengl/ContextAttribs;)V+72
j  org.lwjgl.opengl.Display.create(Lorg/lwjgl/opengl/PixelFormat;)V+12
j  org.newdawn.slick.AppGameContainer.tryCreateDisplay(Lorg/lwjgl/opengl/PixelFormat;)V+7
j  org.newdawn.slick.AppGameContainer.access$000(Lorg/newdawn/slick/AppGameContainer;Lorg/lwjgl/opengl/PixelFormat;)V+2
j  org.newdawn.slick.AppGameContainer$2.run()Ljava/lang/Object;+36
v  ~StubRoutines::call_stub
V  [libjvm.dylib+0x2d6bb0]
V  [libjvm.dylib+0x2d6980]
V  [libjvm.dylib+0x32a264]
j  java.security.AccessController.doPrivileged(Ljava/security/PrivilegedAction;)Ljava/lang/Object;+0
j  org.newdawn.slick.AppGameContainer.setup()V+112
j  org.newdawn.slick.AppGameContainer.start()V+1
j  Test.main([Ljava/lang/String;)V+29
v  ~StubRoutines::call_stub
V  [libjvm.dylib+0x2d6bb0]
V  [libjvm.dylib+0x2d6980]
V  [libjvm.dylib+0x460590]
V  [libjvm.dylib+0x4609f6]
V  [libjvm.dylib+0x3234f7]
j  sun.reflect.NativeMethodAccessorImpl.invoke0(Ljava/lang/reflect/Method;Ljava/lang/Object;[Ljava/lang/Object;)Ljava/lang/Object;+0
j  sun.reflect.NativeMethodAccessorImpl.invoke(Ljava/lang/Object;[Ljava/lang/Object;)Ljava/lang/Object;+87
j  sun.reflect.DelegatingMethodAccessorImpl.invoke(Ljava/lang/Object;[Ljava/lang/Object;)Ljava/lang/Object;+6
j  java.lang.reflect.Method.invoke(Ljava/lang/Object;[Ljava/lang/Object;)Ljava/lang/Object;+57
j  com.intellij.rt.execution.application.AppMain.main([Ljava/lang/String;)V+163
v  ~StubRoutines::call_stub
V  [libjvm.dylib+0x2d6bb0]
V  [libjvm.dylib+0x2d6980]
V  [libjvm.dylib+0x30a124]
V  [libjvm.dylib+0x3032bf]
C  [java+0x30fe]  JavaMain+0x91d
C  [libsystem_pthread.dylib+0x1899]  _pthread_body+0x8a
C  [libsystem_pthread.dylib+0x172a]  _pthread_struct_init+0x0
C  [libsystem_pthread.dylib+0x5fc9]  thread_start+0xd

Java frames: (J=compiled Java code, j=interpreted, Vv=VM code)
j  org.lwjgl.opengl.MacOSXDisplay.nCreateWindow(IIIIZZZZLjava/nio/ByteBuffer;Ljava/nio/ByteBuffer;)Ljava/nio/ByteBuffer;+0
j  org.lwjgl.opengl.MacOSXDisplay.createWindow(Lorg/lwjgl/opengl/DrawableLWJGL;Lorg/lwjgl/opengl/DisplayMode;Ljava/awt/Canvas;II)V+120
j  org.lwjgl.opengl.Display.createWindow()V+71
j  org.lwjgl.opengl.Display.create(Lorg/lwjgl/opengl/PixelFormat;Lorg/lwjgl/opengl/Drawable;Lorg/lwjgl/opengl/ContextAttribs;)V+72
j  org.lwjgl.opengl.Display.create(Lorg/lwjgl/opengl/PixelFormat;)V+12
j  org.newdawn.slick.AppGameContainer.tryCreateDisplay(Lorg/lwjgl/opengl/PixelFormat;)V+7
j  org.newdawn.slick.AppGameContainer.access$000(Lorg/newdawn/slick/AppGameContainer;Lorg/lwjgl/opengl/PixelFormat;)V+2
j  org.newdawn.slick.AppGameContainer$2.run()Ljava/lang/Object;+36
v  ~StubRoutines::call_stub
j  java.security.AccessController.doPrivileged(Ljava/security/PrivilegedAction;)Ljava/lang/Object;+0
j  org.newdawn.slick.AppGameContainer.setup()V+112
j  org.newdawn.slick.AppGameContainer.start()V+1
j  Test.main([Ljava/lang/String;)V+29
v  ~StubRoutines::call_stub
j  sun.reflect.NativeMethodAccessorImpl.invoke0(Ljava/lang/reflect/Method;Ljava/lang/Object;[Ljava/lang/Object;)Ljava/lang/Object;+0
j  sun.reflect.NativeMethodAccessorImpl.invoke(Ljava/lang/Object;[Ljava/lang/Object;)Ljava/lang/Object;+87
j  sun.reflect.DelegatingMethodAccessorImpl.invoke(Ljava/lang/Object;[Ljava/lang/Object;)Ljava/lang/Object;+6
j  java.lang.reflect.Method.invoke(Ljava/lang/Object;[Ljava/lang/Object;)Ljava/lang/Object;+57
j  com.intellij.rt.execution.application.AppMain.main([Ljava/lang/String;)V+163
v  ~StubRoutines::call_stub

---------------  P R O C E S S  ---------------

Java Threads: ( => current thread )
  0x00007f90910a1800 JavaThread "AWT-Shutdown" [_thread_blocked, id=30731, stack(0x0000000113cc5000,0x0000000113dc5000)]
  0x00007f9093071800 JavaThread "AppKit Thread" daemon [_thread_in_native, id=1287, stack(0x00007fff5f2ea000,0x00007fff5f36a000)]
  0x00007f90908af800 JavaThread "Monitor Ctrl-Break" daemon [_thread_in_native, id=22275, stack(0x00000001121cd000,0x00000001122cd000)]
  0x00007f9092001800 JavaThread "Service Thread" daemon [_thread_blocked, id=21251, stack(0x0000000111d79000,0x0000000111e79000)]
  0x00007f9093053800 JavaThread "C2 CompilerThread1" daemon [_thread_blocked, id=20739, stack(0x0000000111c76000,0x0000000111d76000)]
  0x00007f9091022000 JavaThread "C2 CompilerThread0" daemon [_thread_blocked, id=20227, stack(0x0000000111b73000,0x0000000111c73000)]
  0x00007f909101a000 JavaThread "Signal Dispatcher" daemon [_thread_blocked, id=19715, stack(0x0000000111a70000,0x0000000111b70000)]
  0x00007f9090819800 JavaThread "Finalizer" daemon [_thread_blocked, id=14595, stack(0x000000011181f000,0x000000011191f000)]
  0x00007f9093800000 JavaThread "Reference Handler" daemon [_thread_blocked, id=14083, stack(0x000000011171c000,0x000000011181c000)]
=>0x00007f9093000000 JavaThread "main" [_thread_in_vm, id=6403, stack(0x0000000102454000,0x0000000102554000)]

Other Threads:
  0x00007f909304c000 VMThread [stack: 0x0000000111619000,0x0000000111719000] [id=13571]
  0x00007f9091801000 WatcherThread [stack: 0x0000000111e7c000,0x0000000111f7c000] [id=21763]

VM state:not at safepoint (normal execution)

VM Mutex/Monitor currently owned by a thread: None

Heap
 PSYoungGen      total 76800K, used 6605K [0x00000007aaa80000, 0x00000007b0000000, 0x0000000800000000)
  eden space 66048K, 10% used [0x00000007aaa80000,0x00000007ab0f34d8,0x00000007aeb00000)
  from space 10752K, 0% used [0x00000007af580000,0x00000007af580000,0x00000007b0000000)
  to   space 10752K, 0% used [0x00000007aeb00000,0x00000007aeb00000,0x00000007af580000)
 ParOldGen       total 174592K, used 0K [0x0000000700000000, 0x000000070aa80000, 0x00000007aaa80000)
  object space 174592K, 0% used [0x0000000700000000,0x0000000700000000,0x000000070aa80000)
 PSPermGen       total 21504K, used 4739K [0x00000006fae00000, 0x00000006fc300000, 0x0000000700000000)
  object space 21504K, 22% used [0x00000006fae00000,0x00000006fb2a0c88,0x00000006fc300000)

Card table byte_map: [0x0000000105616000,0x0000000105e40000] byte_map_base: 0x0000000101e3f000

Polling page: 0x00000001009ec000

Code Cache  [0x0000000102556000, 0x00000001027c6000, 0x0000000105556000)
 total_blobs=242 nmethods=13 adapters=184 free_code_cache=48724Kb largest_free_block=49873472

Compilation events (10 events):
Event: 0.100 Thread 0x00007f9091022000    9             java.lang.Object::<init> (1 bytes)
Event: 0.100 Thread 0x00007f9093053800   10             java.lang.String::equals (81 bytes)
Event: 0.100 Thread 0x00007f9091022000 nmethod 9 0x00000001025bbc10 code [0x00000001025bbd40, 0x00000001025bbdd8]
Event: 0.103 Thread 0x00007f9093053800 nmethod 10 0x00000001025b9210 code [0x00000001025b9360, 0x00000001025b95d8]
Event: 0.180 Thread 0x00007f9091022000   11             java.lang.String::startsWith (72 bytes)
Event: 0.182 Thread 0x00007f9091022000 nmethod 11 0x00000001025b87d0 code [0x00000001025b8920, 0x00000001025b8ad8]
Event: 0.185 Thread 0x00007f9093053800   12             java.lang.String::lastIndexOf (151 bytes)
Event: 0.185 Thread 0x00007f9091022000   13             sun.net.www.ParseUtil::encodePath (336 bytes)
Event: 0.187 Thread 0x00007f9093053800 nmethod 12 0x00000001025bc9d0 code [0x00000001025bcb20, 0x00000001025bcd78]
Event: 0.197 Thread 0x00007f9091022000 nmethod 13 0x00000001025c4110 code [0x00000001025c4360, 0x00000001025c53f8]

GC Heap History (0 events):
No events

Deoptimization events (0 events):
No events

Internal exceptions (10 events):
Event: 0.188 Thread 0x00007f9093000000 Threw 0x00000007aaefd208 at /HUDSON/workspace/7u-2-build-macosx-x86_64/jdk7u51/527/hotspot/src/share/vm/prims/jvm.cpp:1244
Event: 0.188 Thread 0x00007f9093000000 Threw 0x00000007aaf02d20 at /HUDSON/workspace/7u-2-build-macosx-x86_64/jdk7u51/527/hotspot/src/share/vm/prims/jvm.cpp:1244
Event: 0.198 Thread 0x00007f9093000000 Threw 0x00000007aaf34d68 at /HUDSON/workspace/7u-2-build-macosx-x86_64/jdk7u51/527/hotspot/src/share/vm/prims/jvm.cpp:1244
Event: 0.198 Thread 0x00007f9093000000 Threw 0x00000007aaf3a5b8 at /HUDSON/workspace/7u-2-build-macosx-x86_64/jdk7u51/527/hotspot/src/share/vm/prims/jvm.cpp:1244
Event: 0.199 Thread 0x00007f9093000000 Threw 0x00000007aaf409d8 at /HUDSON/workspace/7u-2-build-macosx-x86_64/jdk7u51/527/hotspot/src/share/vm/prims/jvm.cpp:1244
Event: 0.199 Thread 0x00007f9093000000 Threw 0x00000007aaf471a0 at /HUDSON/workspace/7u-2-build-macosx-x86_64/jdk7u51/527/hotspot/src/share/vm/prims/jvm.cpp:1244
Event: 0.200 Thread 0x00007f9093000000 Threw 0x00000007aaf4fa78 at /HUDSON/workspace/7u-2-build-macosx-x86_64/jdk7u51/527/hotspot/src/share/vm/prims/jvm.cpp:1244
Event: 0.201 Thread 0x00007f9093000000 Threw 0x00000007aaf54ea0 at /HUDSON/workspace/7u-2-build-macosx-x86_64/jdk7u51/527/hotspot/src/share/vm/prims/jvm.cpp:1244
Event: 0.206 Thread 0x00007f9093000000 Threw 0x00000007aaf5a840 at /HUDSON/workspace/7u-2-build-macosx-x86_64/jdk7u51/527/hotspot/src/share/vm/prims/jvm.cpp:1244
Event: 0.207 Thread 0x00007f9093000000 Threw 0x00000007aaf610c0 at /HUDSON/workspace/7u-2-build-macosx-x86_64/jdk7u51/527/hotspot/src/share/vm/prims/jvm.cpp:1244

Events (10 events):
Event: 0.201 loading class 0x00007f9092822560
Event: 0.201 loading class 0x00007f9092822560 done
Event: 0.201 loading class 0x000000010f70b040
Event: 0.201 loading class 0x000000010f70b040 done
Event: 0.201 loading class 0x00007f909180aee0
Event: 0.202 loading class 0x00007f909180aee0 done
Event: 0.206 loading class 0x00007f909283aa00
Event: 0.206 loading class 0x00007f909283aa00 done
Event: 0.207 loading class 0x00007f9092822770
Event: 0.207 loading class 0x00007f9092822770 done


Dynamic libraries:
0x000000000a657000 	/System/Library/Frameworks/Cocoa.framework/Versions/A/Cocoa
0x000000000a657000 	/System/Library/Frameworks/Security.framework/Versions/A/Security
0x000000000a657000 	/System/Library/Frameworks/ApplicationServices.framework/Versions/A/ApplicationServices
0x000000000a657000 	/usr/lib/libz.1.dylib
0x000000000a657000 	/usr/lib/libSystem.B.dylib
0x000000000a657000 	/usr/lib/libobjc.A.dylib
0x000000000a657000 	/System/Library/Frameworks/CoreFoundation.framework/Versions/A/CoreFoundation
0x000000000a657000 	/System/Library/Frameworks/Foundation.framework/Versions/C/Foundation
0x000000000a657000 	/System/Library/Frameworks/AppKit.framework/Versions/C/AppKit
0x000000000a657000 	/System/Library/Frameworks/CoreData.framework/Versions/A/CoreData
0x000000000a657000 	/System/Library/PrivateFrameworks/RemoteViewServices.framework/Versions/A/RemoteViewServices
0x000000000a657000 	/System/Library/Frameworks/AudioToolbox.framework/Versions/A/AudioToolbox
0x000000000a657000 	/System/Library/Frameworks/AudioUnit.framework/Versions/A/AudioUnit
0x000000000a657000 	/System/Library/PrivateFrameworks/DataDetectorsCore.framework/Versions/A/DataDetectorsCore
0x000000000a657000 	/System/Library/PrivateFrameworks/DesktopServicesPriv.framework/Versions/A/DesktopServicesPriv
0x000000000a657000 	/System/Library/Frameworks/Carbon.framework/Versions/A/Frameworks/HIToolbox.framework/Versions/A/HIToolbox
0x000000000a657000 	/System/Library/Frameworks/QuartzCore.framework/Versions/A/QuartzCore
0x000000000a657000 	/System/Library/Frameworks/Carbon.framework/Versions/A/Frameworks/SpeechRecognition.framework/Versions/A/SpeechRecognition
0x000000000a657000 	/usr/lib/libauto.dylib
0x000000000a657000 	/usr/lib/libicucore.A.dylib
0x000000000a657000 	/usr/lib/libxml2.2.dylib
0x000000000a657000 	/System/Library/PrivateFrameworks/CoreUI.framework/Versions/A/CoreUI
0x000000000a657000 	/System/Library/Frameworks/CoreAudio.framework/Versions/A/CoreAudio
0x000000000a657000 	/System/Library/Frameworks/DiskArbitration.framework/Versions/A/DiskArbitration
0x000000000a657000 	/usr/lib/liblangid.dylib
0x000000000a657000 	/System/Library/PrivateFrameworks/MultitouchSupport.framework/Versions/A/MultitouchSupport
0x000000000a657000 	/System/Library/Frameworks/IOKit.framework/Versions/A/IOKit
0x000000000a657000 	/usr/lib/libDiagnosticMessagesClient.dylib
0x000000000a657000 	/System/Library/Frameworks/CoreServices.framework/Versions/A/CoreServices
0x000000000a657000 	/System/Library/PrivateFrameworks/PerformanceAnalysis.framework/Versions/A/PerformanceAnalysis
0x000000000a657000 	/System/Library/PrivateFrameworks/GenerationalStorage.framework/Versions/A/GenerationalStorage
0x000000000a657000 	/System/Library/Frameworks/OpenGL.framework/Versions/A/OpenGL
0x000000000a657000 	/System/Library/PrivateFrameworks/Sharing.framework/Versions/A/Sharing
0x000000000a657000 	/System/Library/Frameworks/ImageIO.framework/Versions/A/ImageIO
0x000000000a657000 	/System/Library/Frameworks/CoreText.framework/Versions/A/CoreText
0x000000000a657000 	/System/Library/Frameworks/CoreGraphics.framework/Versions/A/CoreGraphics
0x000000000a657000 	/System/Library/PrivateFrameworks/Backup.framework/Versions/A/Backup
0x000000000a657000 	/System/Library/Frameworks/CFNetwork.framework/Versions/A/CFNetwork
0x000000000a657000 	/System/Library/Frameworks/SystemConfiguration.framework/Versions/A/SystemConfiguration
0x000000000a657000 	/usr/lib/libCRFSuite.dylib
0x000000000a657000 	/usr/lib/libc++.1.dylib
0x000000000a657000 	/usr/lib/libc++abi.dylib
0x000000000a657000 	/usr/lib/system/libcache.dylib
0x000000000a657000 	/usr/lib/system/libcommonCrypto.dylib
0x000000000a657000 	/usr/lib/system/libcompiler_rt.dylib
0x000000000a657000 	/usr/lib/system/libcopyfile.dylib
0x000000000a657000 	/usr/lib/system/libcorecrypto.dylib
0x000000000a657000 	/usr/lib/system/libdispatch.dylib
0x000000000a657000 	/usr/lib/system/libdyld.dylib
0x000000000a657000 	/usr/lib/system/libkeymgr.dylib
0x000000000a657000 	/usr/lib/system/liblaunch.dylib
0x000000000a657000 	/usr/lib/system/libmacho.dylib
0x000000000a657000 	/usr/lib/system/libquarantine.dylib
0x000000000a657000 	/usr/lib/system/libremovefile.dylib
0x000000000a657000 	/usr/lib/system/libsystem_asl.dylib
0x000000000a657000 	/usr/lib/system/libsystem_blocks.dylib
0x000000000a657000 	/usr/lib/system/libsystem_c.dylib
0x000000000a657000 	/usr/lib/system/libsystem_configuration.dylib
0x000000000a657000 	/usr/lib/system/libsystem_dnssd.dylib
0x000000000a657000 	/usr/lib/system/libsystem_info.dylib
0x000000000a657000 	/usr/lib/system/libsystem_kernel.dylib
0x000000000a657000 	/usr/lib/system/libsystem_m.dylib
0x000000000a657000 	/usr/lib/system/libsystem_malloc.dylib
0x000000000a657000 	/usr/lib/system/libsystem_network.dylib
0x000000000a657000 	/usr/lib/system/libsystem_notify.dylib
0x000000000a657000 	/usr/lib/system/libsystem_platform.dylib
0x000000000a657000 	/usr/lib/system/libsystem_pthread.dylib
0x000000000a657000 	/usr/lib/system/libsystem_sandbox.dylib
0x000000000a657000 	/usr/lib/system/libsystem_stats.dylib
0x000000000a657000 	/usr/lib/system/libunc.dylib
0x000000000a657000 	/usr/lib/system/libunwind.dylib
0x000000000a657000 	/usr/lib/system/libxpc.dylib
0x000000000a657000 	/usr/lib/libbsm.0.dylib
0x000000000a657000 	/usr/lib/libsqlite3.dylib
0x000000000a657000 	/usr/lib/libxar.1.dylib
0x000000000a657000 	/usr/lib/libpam.2.dylib
0x000000000a657000 	/usr/lib/libOpenScriptingUtil.dylib
0x000000000a657000 	/usr/lib/libbz2.1.0.dylib
0x000000000a657000 	/System/Library/Frameworks/CoreServices.framework/Versions/A/Frameworks/CarbonCore.framework/Versions/A/CarbonCore
0x000000000a657000 	/System/Library/Frameworks/CoreServices.framework/Versions/A/Frameworks/Metadata.framework/Versions/A/Metadata
0x000000000a657000 	/System/Library/Frameworks/CoreServices.framework/Versions/A/Frameworks/OSServices.framework/Versions/A/OSServices
0x000000000a657000 	/System/Library/Frameworks/CoreServices.framework/Versions/A/Frameworks/SearchKit.framework/Versions/A/SearchKit
0x000000000a657000 	/System/Library/Frameworks/CoreServices.framework/Versions/A/Frameworks/AE.framework/Versions/A/AE
0x000000000a657000 	/System/Library/Frameworks/CoreServices.framework/Versions/A/Frameworks/LaunchServices.framework/Versions/A/LaunchServices
0x000000000a657000 	/System/Library/Frameworks/CoreServices.framework/Versions/A/Frameworks/DictionaryServices.framework/Versions/A/DictionaryServices
0x000000000a657000 	/System/Library/Frameworks/NetFS.framework/Versions/A/NetFS
0x000000000a657000 	/usr/lib/system/libkxld.dylib
0x000000000a657000 	/System/Library/PrivateFrameworks/NetAuth.framework/Versions/A/NetAuth
0x000000000a657000 	/System/Library/PrivateFrameworks/TCC.framework/Versions/A/TCC
0x000000000a657000 	/System/Library/Frameworks/OpenDirectory.framework/Versions/A/Frameworks/CFOpenDirectory.framework/Versions/A/CFOpenDirectory
0x000000000a657000 	/System/Library/Frameworks/ServiceManagement.framework/Versions/A/ServiceManagement
0x000000000a657000 	/usr/lib/libxslt.1.dylib
0x000000000a657000 	/System/Library/Frameworks/Carbon.framework/Versions/A/Frameworks/Ink.framework/Versions/A/Ink
0x000000000a657000 	/System/Library/Frameworks/ApplicationServices.framework/Versions/A/Frameworks/ATS.framework/Versions/A/ATS
0x000000000a657000 	/System/Library/Frameworks/ApplicationServices.framework/Versions/A/Frameworks/ColorSync.framework/Versions/A/ColorSync
0x000000000a657000 	/System/Library/Frameworks/ApplicationServices.framework/Versions/A/Frameworks/HIServices.framework/Versions/A/HIServices
0x000000000a657000 	/System/Library/Frameworks/ApplicationServices.framework/Versions/A/Frameworks/LangAnalysis.framework/Versions/A/LangAnalysis
0x000000000a657000 	/System/Library/Frameworks/ApplicationServices.framework/Versions/A/Frameworks/PrintCore.framework/Versions/A/PrintCore
0x000000000a657000 	/System/Library/Frameworks/ApplicationServices.framework/Versions/A/Frameworks/QD.framework/Versions/A/QD
0x000000000a657000 	/System/Library/Frameworks/ApplicationServices.framework/Versions/A/Frameworks/SpeechSynthesis.framework/Versions/A/SpeechSynthesis
0x000000000a657000 	/System/Library/Frameworks/IOSurface.framework/Versions/A/IOSurface
0x000000000a657000 	/System/Library/Frameworks/Accelerate.framework/Versions/A/Accelerate
0x000000000a657000 	/System/Library/Frameworks/Accelerate.framework/Versions/A/Frameworks/vImage.framework/Versions/A/vImage
0x000000000a657000 	/System/Library/Frameworks/Accelerate.framework/Versions/A/Frameworks/vecLib.framework/Versions/A/vecLib
0x000000000a657000 	/System/Library/Frameworks/Accelerate.framework/Versions/A/Frameworks/vecLib.framework/Versions/A/libvDSP.dylib
0x000000000a657000 	/System/Library/Frameworks/Accelerate.framework/Versions/A/Frameworks/vecLib.framework/Versions/A/libvMisc.dylib
0x000000000a657000 	/System/Library/Frameworks/Accelerate.framework/Versions/A/Frameworks/vecLib.framework/Versions/A/libLAPACK.dylib
0x000000000a657000 	/System/Library/Frameworks/Accelerate.framework/Versions/A/Frameworks/vecLib.framework/Versions/A/libBLAS.dylib
0x000000000a657000 	/System/Library/Frameworks/ApplicationServices.framework/Versions/A/Frameworks/ATS.framework/Versions/A/Resources/libFontParser.dylib
0x000000000a657000 	/System/Library/Frameworks/ApplicationServices.framework/Versions/A/Frameworks/ATS.framework/Versions/A/Resources/libFontRegistry.dylib
0x000000000a657000 	/System/Library/Frameworks/ImageIO.framework/Versions/A/Resources/libJPEG.dylib
0x000000000a657000 	/System/Library/Frameworks/ImageIO.framework/Versions/A/Resources/libTIFF.dylib
0x000000000a657000 	/System/Library/Frameworks/ImageIO.framework/Versions/A/Resources/libPng.dylib
0x000000000a657000 	/System/Library/Frameworks/ImageIO.framework/Versions/A/Resources/libGIF.dylib
0x000000000a657000 	/System/Library/Frameworks/ImageIO.framework/Versions/A/Resources/libJP2.dylib
0x000000000a657000 	/System/Library/Frameworks/ImageIO.framework/Versions/A/Resources/libRadiance.dylib
0x000000000a657000 	/usr/lib/libcups.2.dylib
0x000000000a657000 	/System/Library/Frameworks/Kerberos.framework/Versions/A/Kerberos
0x000000000a657000 	/System/Library/Frameworks/GSS.framework/Versions/A/GSS
0x000000000a657000 	/usr/lib/libresolv.9.dylib
0x000000000a657000 	/usr/lib/libiconv.2.dylib
0x000000000a657000 	/System/Library/PrivateFrameworks/Heimdal.framework/Versions/A/Heimdal
0x000000000a657000 	/System/Library/PrivateFrameworks/TrustEvaluationAgent.framework/Versions/A/TrustEvaluationAgent
0x000000000a657000 	/usr/lib/libheimdal-asn1.dylib
0x000000000a657000 	/System/Library/Frameworks/OpenDirectory.framework/Versions/A/OpenDirectory
0x000000000a657000 	/System/Library/PrivateFrameworks/CommonAuth.framework/Versions/A/CommonAuth
0x000000000a657000 	/System/Library/Frameworks/SecurityFoundation.framework/Versions/A/SecurityFoundation
0x000000000a657000 	/System/Library/PrivateFrameworks/Bom.framework/Versions/A/Bom
0x000000000a657000 	/System/Library/Frameworks/CoreVideo.framework/Versions/A/CoreVideo
0x000000000a657000 	/System/Library/Frameworks/QuartzCore.framework/Versions/A/Frameworks/CoreImage.framework/Versions/A/CoreImage
0x000000000a657000 	/System/Library/Frameworks/QuartzCore.framework/Versions/A/Frameworks/ScalableUserInterface.framework/Versions/A/ScalableUserInterface
0x000000000a657000 	/System/Library/Frameworks/OpenGL.framework/Versions/A/Libraries/libGLU.dylib
0x000000000a657000 	/System/Library/Frameworks/OpenGL.framework/Versions/A/Libraries/libGFXShared.dylib
0x000000000a657000 	/System/Library/Frameworks/OpenGL.framework/Versions/A/Libraries/libGL.dylib
0x000000000a657000 	/System/Library/Frameworks/OpenGL.framework/Versions/A/Libraries/libGLImage.dylib
0x000000000a657000 	/System/Library/Frameworks/OpenGL.framework/Versions/A/Libraries/libCVMSPluginSupport.dylib
0x000000000a657000 	/System/Library/Frameworks/OpenGL.framework/Versions/A/Libraries/libCoreVMClient.dylib
0x000000000a657000 	/System/Library/PrivateFrameworks/FaceCore.framework/Versions/A/FaceCore
0x000000000a657000 	/System/Library/PrivateFrameworks/CrashReporterSupport.framework/Versions/A/CrashReporterSupport
0x000000000a657000 	/System/Library/Frameworks/OpenCL.framework/Versions/A/OpenCL
0x000000000a657000 	/System/Library/PrivateFrameworks/AppleFSCompression.framework/Versions/A/AppleFSCompression
0x000000000a657000 	/System/Library/PrivateFrameworks/Ubiquity.framework/Versions/A/Ubiquity
0x000000000a657000 	/System/Library/PrivateFrameworks/IconServices.framework/Versions/A/IconServices
0x000000000a657000 	/System/Library/PrivateFrameworks/ChunkingLibrary.framework/Versions/A/ChunkingLibrary
0x000000000a657000 	/System/Library/PrivateFrameworks/CoreSymbolication.framework/Versions/A/CoreSymbolication
0x000000000a657000 	/System/Library/PrivateFrameworks/Symbolication.framework/Versions/A/Symbolication
0x000000000a657000 	/System/Library/PrivateFrameworks/DebugSymbols.framework/Versions/A/DebugSymbols
0x00000000465e1000 	/System/Library/CoreServices/Encodings/libCyrillicConverter.dylib
0x0000000101a00000 	/Library/Java/JavaVirtualMachines/jdk1.7.0_51.jdk/Contents/Home/jre/lib/server/libjvm.dylib
0x000000000a657000 	/usr/lib/libstdc++.6.dylib
0x00000001009af000 	/Library/Java/JavaVirtualMachines/jdk1.7.0_51.jdk/Contents/Home/jre/lib/libverify.dylib
0x00000001009bc000 	/Library/Java/JavaVirtualMachines/jdk1.7.0_51.jdk/Contents/Home/jre/lib/libjava.dylib
0x00000001009f6000 	/Library/Java/JavaVirtualMachines/jdk1.7.0_51.jdk/Contents/Home/jre/lib/libzip.dylib
0x0000000111921000 	/System/Library/Frameworks/JavaVM.framework/Frameworks/JavaRuntimeSupport.framework/JavaRuntimeSupport
0x0000000111939000 	/System/Library/Frameworks/JavaVM.framework/Versions/A/Frameworks/JavaNativeFoundation.framework/Versions/A/JavaNativeFoundation
0x000000011194e000 	/System/Library/Frameworks/JavaVM.framework/Versions/A/JavaVM
0x000000000a657000 	/System/Library/Frameworks/Carbon.framework/Versions/A/Carbon
0x000000011195b000 	/System/Library/PrivateFrameworks/JavaLaunching.framework/Versions/A/JavaLaunching
0x000000000a657000 	/System/Library/Frameworks/Carbon.framework/Versions/A/Frameworks/CommonPanels.framework/Versions/A/CommonPanels
0x000000000a657000 	/System/Library/Frameworks/Carbon.framework/Versions/A/Frameworks/Help.framework/Versions/A/Help
0x000000000a657000 	/System/Library/Frameworks/Carbon.framework/Versions/A/Frameworks/ImageCapture.framework/Versions/A/ImageCapture
0x000000000a657000 	/System/Library/Frameworks/Carbon.framework/Versions/A/Frameworks/OpenScripting.framework/Versions/A/OpenScripting
0x000000000a657000 	/System/Library/Frameworks/Carbon.framework/Versions/A/Frameworks/Print.framework/Versions/A/Print
0x000000000a657000 	/System/Library/Frameworks/Carbon.framework/Versions/A/Frameworks/SecurityHI.framework/Versions/A/SecurityHI
0x00000001121c9000 	/Applications/IntelliJ IDEA 13.app/bin/libbreakgen64.jnilib
0x00000001122cf000 	/Library/Java/JavaVirtualMachines/jdk1.7.0_51.jdk/Contents/Home/jre/lib/libnet.dylib
0x0000000112337000 	/Library/Java/JavaVirtualMachines/jdk1.7.0_51.jdk/Contents/Home/jre/lib/libawt.dylib
0x00000001123e6000 	/Library/Java/JavaVirtualMachines/jdk1.7.0_51.jdk/Contents/Home/jre/lib/./libmlib_image.dylib
0x00000001124b2000 	/Library/Java/JavaVirtualMachines/jdk1.7.0_51.jdk/Contents/Home/jre/lib/lwawt/liblwawt.dylib
0x0000000112566000 	/Library/Java/JavaVirtualMachines/jdk1.7.0_51.jdk/Contents/Home/jre/lib/libosxapp.dylib
0x000000000a657000 	/System/Library/Frameworks/ExceptionHandling.framework/Versions/A/ExceptionHandling
0x000000000a657000 	/System/Library/PrivateFrameworks/CoreServicesInternal.framework/Versions/A/CoreServicesInternal
0x000000000a657000 	/System/Library/PrivateFrameworks/Librarian.framework/Versions/A/Librarian
0x000000000a657000 	/System/Library/Frameworks/CoreGraphics.framework/Versions/A/Resources/libCGCMS.A.dylib
0x000000000a657000 	/System/Library/Frameworks/CoreGraphics.framework/Versions/A/Resources/libRIP.A.dylib
0x000000000a657000 	/System/Library/Frameworks/CoreGraphics.framework/Versions/A/Resources/libCGXType.A.dylib
0x000000000a657000 	/System/Library/PrivateFrameworks/FamilyControls.framework/Versions/A/FamilyControls
0x000000000a657000 	/System/Library/PrivateFrameworks/CommerceKit.framework/Versions/A/Frameworks/CommerceCore.framework/Versions/A/CommerceCore
0x000000000a657000 	/System/Library/PrivateFrameworks/SystemAdministration.framework/Versions/A/SystemAdministration
0x000000000a657000 	/System/Library/Frameworks/DirectoryService.framework/Versions/A/DirectoryService
0x000000000a657000 	/System/Library/PrivateFrameworks/DiskImages.framework/Versions/A/DiskImages
0x000000000a657000 	/System/Library/PrivateFrameworks/LoginUIKit.framework/Versions/A/Frameworks/LoginUICore.framework/Versions/A/LoginUICore
0x000000000a657000 	/usr/lib/libCoreStorage.dylib
0x000000000a657000 	/usr/lib/libcsfde.dylib
0x000000000a657000 	/usr/lib/libodfde.dylib
0x000000000a657000 	/System/Library/Frameworks/DiscRecording.framework/Versions/A/DiscRecording
0x000000000a657000 	/usr/lib/libcurl.4.dylib
0x000000000a657000 	/System/Library/PrivateFrameworks/MediaKit.framework/Versions/A/MediaKit
0x000000000a657000 	/System/Library/PrivateFrameworks/EFILogin.framework/Versions/A/EFILogin
0x000000000a657000 	/usr/lib/libutil.dylib
0x000000000a657000 	/System/Library/PrivateFrameworks/AOSNotification.framework/Versions/A/AOSNotification
0x000000000a657000 	/System/Library/Frameworks/LDAP.framework/Versions/A/LDAP
0x000000000a657000 	/usr/lib/libsasl2.2.dylib
0x000000000a657000 	/usr/lib/libcrypto.0.9.8.dylib
0x000000000a657000 	/usr/lib/libssl.0.9.8.dylib
0x00000001166d2000 	/Library/Java/JavaVirtualMachines/jdk1.7.0_51.jdk/Contents/Home/jre/lib/libfontmanager.dylib
0x0000000116739000 	/Users/lexmint/Dropbox/Java Projects/Courses/lib/native-osx/liblwjgl.jnilib
0x0000000113e68000 	/Library/Java/JavaVirtualMachines/jdk1.7.0_51.jdk/Contents/Home/jre/lib/libjawt.dylib
0x0000000114c72000 	/Library/Java/JavaVirtualMachines/jdk1.7.0_51.jdk/Contents/Home/jre/lib/libnio.dylib
0x000000000a657000 	/System/Library/Frameworks/OpenGL.framework/Versions/A/Resources/GLEngine.bundle/GLEngine
0x000000000a657000 	/System/Library/Frameworks/OpenGL.framework/Versions/A/Libraries/libGLProgrammability.dylib
0x0000000000000000 	/System/Library/Extensions/GeForceGLDriver.bundle/Contents/MacOS/GeForceGLDriver
0x000000000a657000 	/System/Library/PrivateFrameworks/IOAccelerator.framework/Versions/A/IOAccelerator
0x000000000a657000 	/System/Library/PrivateFrameworks/GPUSupport.framework/Versions/A/Libraries/libGPUSupportMercury.dylib
0x000000000a657000 	/System/Library/Extensions/GeForceGLDriver.bundle/Contents/MacOS/libclh.dylib
0x000000000a657000 	/System/Library/Frameworks/OpenGL.framework/Versions/A/Resources/GLRendererFloat.bundle/GLRendererFloat
0x000000000a657000 	/System/Library/Frameworks/OpenCL.framework/Versions/A/Libraries/libcldcpuengine.dylib

VM Arguments:
jvm_args: -Djava.library.path=lib/native-osx -Didea.launcher.port=7537 -Didea.launcher.bin.path=/Applications/IntelliJ IDEA 13.app/bin -Dfile.encoding=UTF-8 
java_command: com.intellij.rt.execution.application.AppMain Test
Launcher Type: SUN_STANDARD

Environment Variables:
PATH=/usr/bin:/bin:/usr/sbin:/sbin:/usr/local/bin:/opt/X11/bin
SHELL=/bin/bash
DISPLAY=/tmp/launch-pIItV0/org.macosforge.xquartz:0

Signal Handlers:
SIGSEGV: [libjvm.dylib+0x525425], sa_mask[0]=0xfffefeff, sa_flags=0x00000043
SIGBUS: [libjvm.dylib+0x525425], sa_mask[0]=0xfffefeff, sa_flags=0x00000042
SIGFPE: [libjvm.dylib+0x41892a], sa_mask[0]=0xfffefeff, sa_flags=0x00000042
SIGPIPE: [libjvm.dylib+0x41892a], sa_mask[0]=0xfffefeff, sa_flags=0x00000042
SIGXFSZ: [libjvm.dylib+0x41892a], sa_mask[0]=0xfffefeff, sa_flags=0x00000042
SIGILL: [libjvm.dylib+0x41892a], sa_mask[0]=0xfffefeff, sa_flags=0x00000042
SIGUSR1: SIG_DFL, sa_mask[0]=0x00000000, sa_flags=0x00000002
SIGUSR2: [libjvm.dylib+0x41841c], sa_mask[0]=0x00000004, sa_flags=0x00000042
SIGHUP: [libjvm.dylib+0x4166ab], sa_mask[0]=0xfffefeff, sa_flags=0x00000042
SIGINT: [libjvm.dylib+0x4166ab], sa_mask[0]=0xfffefeff, sa_flags=0x00000042
SIGTERM: [libjvm.dylib+0x4166ab], sa_mask[0]=0xfffefeff, sa_flags=0x00000042
SIGQUIT: [libjvm.dylib+0x4166ab], sa_mask[0]=0xfffefeff, sa_flags=0x00000042


---------------  S Y S T E M  ---------------

OS:Bsduname:Darwin 13.4.0 Darwin Kernel Version 13.4.0: Sun Aug 17 19:50:11 PDT 2014; root:xnu-2422.115.4~1/RELEASE_X86_64 x86_64
rlimit: STACK 8192k, CORE 0k, NPROC 709, NOFILE 10240, AS infinity
load average:1.81 1.77 1.77

CPU:total 8 (4 cores per cpu, 2 threads per core) family 6 model 60 stepping 3, cmov, cx8, fxsr, mmx, sse, sse2, sse3, ssse3, sse4.1, sse4.2, popcnt, avx, avx2, aes, erms, ht, tsc, tscinvbit

Memory: 4k page, physical 16777216k(4194304k free)

/proc/meminfo:


vm_info: Java HotSpot(TM) 64-Bit Server VM (24.51-b03) for bsd-amd64 JRE (1.7.0_51-b13), built on Dec 18 2013 18:45:56 by "java_re" with gcc 4.2.1 (Based on Apple Inc. build 5658) (LLVM build 2336.11.00)

time: Tue Oct 14 07:12:01 2014
elapsed time: 0 seconds

